#-----------------------------------------------------------
# Vivado v2018.3 (64-bit)
# SW Build 2405991 on Thu Dec  6 23:38:27 MST 2018
# IP Build 2404404 on Fri Dec  7 01:43:56 MST 2018
# Start of session at: Wed Jan  6 09:48:24 2021
# Process ID: 1836
# Current directory: D:/Vivado/shudianzuoye/gaijiaotongdeng
# Command line: vivado.exe -gui_launcher_event rodinguilauncherevent14924 D:\Vivado\shudianzuoye\gaijiaotongdeng\jiaotongdeng.xpr
# Log file: D:/Vivado/shudianzuoye/gaijiaotongdeng/vivado.log
# Journal file: D:/Vivado/shudianzuoye/gaijiaotongdeng\vivado.jou
#-----------------------------------------------------------
start_gui
open_project D:/Vivado/shudianzuoye/gaijiaotongdeng/jiaotongdeng.xpr
INFO: [Project 1-313] Project file moved from 'C:/Users/·ãÇ§Âä»¨/Desktop/lh/jiaotongdeng' since last save.
Scanning sources...
Finished scanning sources
INFO: [IP_Flow 19-234] Refreshing IP repositories
INFO: [IP_Flow 19-1704] No user IP repositories specified
INFO: [IP_Flow 19-2313] Loaded Vivado IP repository 'D:/Vivado/Vivado/2018.3/data/ip'.
open_project: Time (s): cpu = 00:00:20 ; elapsed = 00:00:09 . Memory (MB): peak = 783.059 ; gain = 148.133
reset_run synth_1
launch_runs synth_1 -jobs 4
[Wed Jan  6 09:48:57 2021] Launched synth_1...
Run output will be captured here: D:/Vivado/shudianzuoye/gaijiaotongdeng/jiaotongdeng.runs/synth_1/runme.log
update_compile_order -fileset sources_1
launch_runs impl_1 -jobs 4
[Wed Jan  6 09:49:48 2021] Launched impl_1...
Run output will be captured here: D:/Vivado/shudianzuoye/gaijiaotongdeng/jiaotongdeng.runs/impl_1/runme.log
open_run impl_1
INFO: [Project 1-479] Netlist was created with Vivado 2018.3
INFO: [Device 21-403] Loading part xc7a100tcsg324-2L
INFO: [Project 1-570] Preparing netlist for logic optimization
INFO: [Timing 38-478] Restoring timing data from binary archive.
INFO: [Timing 38-479] Binary timing data restore complete.
INFO: [Project 1-856] Restoring constraints from binary archive.
INFO: [Project 1-853] Binary constraint restore complete.
Reading XDEF placement.
Reading placer database...
Reading XDEF routing.
Read XDEF File: Time (s): cpu = 00:00:00 ; elapsed = 00:00:00.064 . Memory (MB): peak = 1656.691 ; gain = 0.000
Restored from archive | CPU: 0.000000 secs | Memory: 0.000000 MB |
Finished XDEF File Restore: Time (s): cpu = 00:00:00 ; elapsed = 00:00:00.065 . Memory (MB): peak = 1656.691 ; gain = 0.000
Netlist sorting complete. Time (s): cpu = 00:00:00 ; elapsed = 00:00:00 . Memory (MB): peak = 1656.691 ; gain = 0.000
INFO: [Project 1-111] Unisim Transformation Summary:
No Unisim elements were transformed.

open_run: Time (s): cpu = 00:00:32 ; elapsed = 00:00:22 . Memory (MB): peak = 1791.918 ; gain = 960.438
WARNING: [Timing 38-313] There are no user specified timing constraints. Timing constraints are needed for proper timing analysis.
exit
INFO: [Common 17-206] Exiting Vivado at Wed Jan  6 09:51:52 2021...
