
*** Running vivado
    with args -log FourBitFA.vds -m64 -product Vivado -mode batch -messageDb vivado.pb -notrace -source FourBitFA.tcl


****** Vivado v2018.3 (64-bit)
  **** SW Build 2405991 on Thu Dec  6 23:38:27 MST 2018
  **** IP Build 2404404 on Fri Dec  7 01:43:56 MST 2018
    ** Copyright 1986-2018 Xilinx, Inc. All Rights Reserved.

source FourBitFA.tcl -notrace
Command: synth_design -top FourBitFA -part xc7a100tfgg484-2L
Starting synth_design
Attempting to get a license for feature 'Synthesis' and/or device 'xc7a100t'
INFO: [Common 17-349] Got license for feature 'Synthesis' and/or device 'xc7a100t'
INFO: Launching helper process for spawning children vivado processes
INFO: Helper process launched with PID 15936 
---------------------------------------------------------------------------------
Starting Synthesize : Time (s): cpu = 00:00:02 ; elapsed = 00:00:02 . Memory (MB): peak = 430.426 ; gain = 97.813
---------------------------------------------------------------------------------
INFO: [Synth 8-6157] synthesizing module 'FourBitFA' [D:/Vivado/shudianzuoye/jiafaqi/jiafaqi.srcs/sources_1/new/Full_Adder.v:35]
	Parameter SIZE bound to: 4 - type: integer 
INFO: [Synth 8-6157] synthesizing module 'Full_Adder' [D:/Vivado/shudianzuoye/jiafaqi/jiafaqi.srcs/sources_1/new/Full_Adder.v:23]
WARNING: [Synth 8-3848] Net T1 in module/entity Full_Adder does not have driver. [D:/Vivado/shudianzuoye/jiafaqi/jiafaqi.srcs/sources_1/new/Full_Adder.v:26]
INFO: [Synth 8-6155] done synthesizing module 'Full_Adder' (1#1) [D:/Vivado/shudianzuoye/jiafaqi/jiafaqi.srcs/sources_1/new/Full_Adder.v:23]
ERROR: [Synth 8-439] module 'FA3' not found [D:/Vivado/shudianzuoye/jiafaqi/jiafaqi.srcs/sources_1/new/Full_Adder.v:45]
ERROR: [Synth 8-6156] failed synthesizing module 'FourBitFA' [D:/Vivado/shudianzuoye/jiafaqi/jiafaqi.srcs/sources_1/new/Full_Adder.v:35]
---------------------------------------------------------------------------------
Finished Synthesize : Time (s): cpu = 00:00:03 ; elapsed = 00:00:03 . Memory (MB): peak = 486.770 ; gain = 154.156
---------------------------------------------------------------------------------
synthesize failed
INFO: [Common 17-83] Releasing license: Synthesis
5 Infos, 1 Warnings, 0 Critical Warnings and 3 Errors encountered.
synth_design failed
ERROR: [Common 17-69] Command failed: Vivado Synthesis failed
INFO: [Common 17-206] Exiting Vivado at Sat Oct 31 14:25:54 2020...
