Copyright 1986-2018 Xilinx, Inc. All Rights Reserved.
------------------------------------------------------------------------------------
| Tool Version : Vivado v.2018.3 (win64) Build 2405991 Thu Dec  6 23:38:27 MST 2018
| Date         : Wed Dec 30 22:41:06 2020
| Host         : LAPTOP-EO0RR57C running 64-bit major release  (build 9200)
| Command      : report_control_sets -verbose -file knjsq_control_sets_placed.rpt
| Design       : knjsq
| Device       : xc7a100t
------------------------------------------------------------------------------------

Control Set Information

Table of Contents
-----------------
1. Summary
2. Histogram
3. Flip-Flop Distribution
4. Detailed Control Set Information

1. Summary
----------

+----------------------------------------------------------+-------+
|                          Status                          | Count |
+----------------------------------------------------------+-------+
| Number of unique control sets                            |    12 |
| Unused register locations in slices containing registers |    84 |
+----------------------------------------------------------+-------+


2. Histogram
------------

+--------+--------------+
| Fanout | Control Sets |
+--------+--------------+
|      1 |           12 |
+--------+--------------+


3. Flip-Flop Distribution
-------------------------

+--------------+-----------------------+------------------------+-----------------+--------------+
| Clock Enable | Synchronous Set/Reset | Asynchronous Set/Reset | Total Registers | Total Slices |
+--------------+-----------------------+------------------------+-----------------+--------------+
| No           | No                    | No                     |               0 |            0 |
| No           | No                    | Yes                    |               8 |            8 |
| No           | Yes                   | No                     |               4 |            4 |
| Yes          | No                    | No                     |               0 |            0 |
| Yes          | No                    | Yes                    |               0 |            0 |
| Yes          | Yes                   | No                     |               0 |            0 |
+--------------+-----------------------+------------------------+-----------------+--------------+


4. Detailed Control Set Information
-----------------------------------

+------------------------+---------------+-----------------------+------------------+----------------+
|      Clock Signal      | Enable Signal |    Set/Reset Signal   | Slice Load Count | Bel Load Count |
+------------------------+---------------+-----------------------+------------------+----------------+
|  TQ_reg[1]_LDC_i_1_n_0 |               | TQ_reg[1]_LDC_i_2_n_0 |                1 |              1 |
|  CP_IBUF_BUFG          |               | TQ_reg[2]_LDC_i_2_n_0 |                1 |              1 |
|  CP_IBUF_BUFG          |               | TQ_reg[3]_LDC_i_2_n_0 |                1 |              1 |
|  CP_IBUF_BUFG          |               | TQ_reg[1]_LDC_i_1_n_0 |                1 |              1 |
|  CP_IBUF_BUFG          |               | TQ_reg[3]_LDC_i_1_n_0 |                1 |              1 |
|  CP_IBUF_BUFG          |               | TQ_reg[0]_LDC_i_2_n_0 |                1 |              1 |
|  CP_IBUF_BUFG          |               | TQ_reg[0]_LDC_i_1_n_0 |                1 |              1 |
|  CP_IBUF_BUFG          |               | TQ_reg[1]_LDC_i_2_n_0 |                1 |              1 |
|  CP_IBUF_BUFG          |               | TQ_reg[2]_LDC_i_1_n_0 |                1 |              1 |
|  TQ_reg[3]_LDC_i_1_n_0 |               | TQ_reg[3]_LDC_i_2_n_0 |                1 |              1 |
|  TQ_reg[0]_LDC_i_1_n_0 |               | TQ_reg[0]_LDC_i_2_n_0 |                1 |              1 |
|  TQ_reg[2]_LDC_i_1_n_0 |               | TQ_reg[2]_LDC_i_2_n_0 |                1 |              1 |
+------------------------+---------------+-----------------------+------------------+----------------+


