
*** Running vivado
    with args -log fpq.vdi -applog -m64 -product Vivado -messageDb vivado.pb -mode batch -source fpq.tcl -notrace


****** Vivado v2018.3 (64-bit)
  **** SW Build 2405991 on Thu Dec  6 23:38:27 MST 2018
  **** IP Build 2404404 on Fri Dec  7 01:43:56 MST 2018
    ** Copyright 1986-2018 Xilinx, Inc. All Rights Reserved.

source fpq.tcl -notrace
Command: link_design -top fpq -part xc7a100tcsg324-2L
Design is defaulting to srcset: sources_1
Design is defaulting to constrset: constrs_1
INFO: [Project 1-479] Netlist was created with Vivado 2018.3
INFO: [Device 21-403] Loading part xc7a100tcsg324-2L
INFO: [Project 1-570] Preparing netlist for logic optimization
Parsing XDC File [D:/Vivado/shudianzuoye/CCQ/CCQ.srcs/constrs_1/new/ccyj.xdc]
WARNING: [Vivado 12-584] No ports matched 'clka'. [D:/Vivado/shudianzuoye/CCQ/CCQ.srcs/constrs_1/new/ccyj.xdc:1]
CRITICAL WARNING: [Common 17-55] 'set_property' expects at least one object. [D:/Vivado/shudianzuoye/CCQ/CCQ.srcs/constrs_1/new/ccyj.xdc:1]
Resolution: If [get_<value>] was used to populate the object, check to make sure this command returns at least one valid object.
WARNING: [Vivado 12-584] No ports matched 'addra[7]'. [D:/Vivado/shudianzuoye/CCQ/CCQ.srcs/constrs_1/new/ccyj.xdc:2]
CRITICAL WARNING: [Common 17-55] 'set_property' expects at least one object. [D:/Vivado/shudianzuoye/CCQ/CCQ.srcs/constrs_1/new/ccyj.xdc:2]
Resolution: If [get_<value>] was used to populate the object, check to make sure this command returns at least one valid object.
WARNING: [Vivado 12-584] No ports matched 'addra[6]'. [D:/Vivado/shudianzuoye/CCQ/CCQ.srcs/constrs_1/new/ccyj.xdc:3]
CRITICAL WARNING: [Common 17-55] 'set_property' expects at least one object. [D:/Vivado/shudianzuoye/CCQ/CCQ.srcs/constrs_1/new/ccyj.xdc:3]
Resolution: If [get_<value>] was used to populate the object, check to make sure this command returns at least one valid object.
WARNING: [Vivado 12-584] No ports matched 'addra[5]'. [D:/Vivado/shudianzuoye/CCQ/CCQ.srcs/constrs_1/new/ccyj.xdc:4]
CRITICAL WARNING: [Common 17-55] 'set_property' expects at least one object. [D:/Vivado/shudianzuoye/CCQ/CCQ.srcs/constrs_1/new/ccyj.xdc:4]
Resolution: If [get_<value>] was used to populate the object, check to make sure this command returns at least one valid object.
WARNING: [Vivado 12-584] No ports matched 'addra[4]'. [D:/Vivado/shudianzuoye/CCQ/CCQ.srcs/constrs_1/new/ccyj.xdc:5]
CRITICAL WARNING: [Common 17-55] 'set_property' expects at least one object. [D:/Vivado/shudianzuoye/CCQ/CCQ.srcs/constrs_1/new/ccyj.xdc:5]
Resolution: If [get_<value>] was used to populate the object, check to make sure this command returns at least one valid object.
WARNING: [Vivado 12-584] No ports matched 'addra[3]'. [D:/Vivado/shudianzuoye/CCQ/CCQ.srcs/constrs_1/new/ccyj.xdc:6]
CRITICAL WARNING: [Common 17-55] 'set_property' expects at least one object. [D:/Vivado/shudianzuoye/CCQ/CCQ.srcs/constrs_1/new/ccyj.xdc:6]
Resolution: If [get_<value>] was used to populate the object, check to make sure this command returns at least one valid object.
WARNING: [Vivado 12-584] No ports matched 'addra[2]'. [D:/Vivado/shudianzuoye/CCQ/CCQ.srcs/constrs_1/new/ccyj.xdc:7]
CRITICAL WARNING: [Common 17-55] 'set_property' expects at least one object. [D:/Vivado/shudianzuoye/CCQ/CCQ.srcs/constrs_1/new/ccyj.xdc:7]
Resolution: If [get_<value>] was used to populate the object, check to make sure this command returns at least one valid object.
WARNING: [Vivado 12-584] No ports matched 'choice[2]'. [D:/Vivado/shudianzuoye/CCQ/CCQ.srcs/constrs_1/new/ccyj.xdc:8]
CRITICAL WARNING: [Common 17-55] 'set_property' expects at least one object. [D:/Vivado/shudianzuoye/CCQ/CCQ.srcs/constrs_1/new/ccyj.xdc:8]
Resolution: If [get_<value>] was used to populate the object, check to make sure this command returns at least one valid object.
WARNING: [Vivado 12-584] No ports matched 'choice[1]'. [D:/Vivado/shudianzuoye/CCQ/CCQ.srcs/constrs_1/new/ccyj.xdc:9]
CRITICAL WARNING: [Common 17-55] 'set_property' expects at least one object. [D:/Vivado/shudianzuoye/CCQ/CCQ.srcs/constrs_1/new/ccyj.xdc:9]
Resolution: If [get_<value>] was used to populate the object, check to make sure this command returns at least one valid object.
WARNING: [Vivado 12-584] No ports matched 'choice[0]'. [D:/Vivado/shudianzuoye/CCQ/CCQ.srcs/constrs_1/new/ccyj.xdc:10]
CRITICAL WARNING: [Common 17-55] 'set_property' expects at least one object. [D:/Vivado/shudianzuoye/CCQ/CCQ.srcs/constrs_1/new/ccyj.xdc:10]
Resolution: If [get_<value>] was used to populate the object, check to make sure this command returns at least one valid object.
WARNING: [Vivado 12-584] No ports matched 'wea[0]'. [D:/Vivado/shudianzuoye/CCQ/CCQ.srcs/constrs_1/new/ccyj.xdc:11]
CRITICAL WARNING: [Common 17-55] 'set_property' expects at least one object. [D:/Vivado/shudianzuoye/CCQ/CCQ.srcs/constrs_1/new/ccyj.xdc:11]
Resolution: If [get_<value>] was used to populate the object, check to make sure this command returns at least one valid object.
WARNING: [Vivado 12-584] No ports matched 'AN[7]'. [D:/Vivado/shudianzuoye/CCQ/CCQ.srcs/constrs_1/new/ccyj.xdc:12]
CRITICAL WARNING: [Common 17-55] 'set_property' expects at least one object. [D:/Vivado/shudianzuoye/CCQ/CCQ.srcs/constrs_1/new/ccyj.xdc:12]
Resolution: If [get_<value>] was used to populate the object, check to make sure this command returns at least one valid object.
WARNING: [Vivado 12-584] No ports matched 'AN[6]'. [D:/Vivado/shudianzuoye/CCQ/CCQ.srcs/constrs_1/new/ccyj.xdc:13]
CRITICAL WARNING: [Common 17-55] 'set_property' expects at least one object. [D:/Vivado/shudianzuoye/CCQ/CCQ.srcs/constrs_1/new/ccyj.xdc:13]
Resolution: If [get_<value>] was used to populate the object, check to make sure this command returns at least one valid object.
WARNING: [Vivado 12-584] No ports matched 'AN[5]'. [D:/Vivado/shudianzuoye/CCQ/CCQ.srcs/constrs_1/new/ccyj.xdc:14]
CRITICAL WARNING: [Common 17-55] 'set_property' expects at least one object. [D:/Vivado/shudianzuoye/CCQ/CCQ.srcs/constrs_1/new/ccyj.xdc:14]
Resolution: If [get_<value>] was used to populate the object, check to make sure this command returns at least one valid object.
WARNING: [Vivado 12-584] No ports matched 'AN[4]'. [D:/Vivado/shudianzuoye/CCQ/CCQ.srcs/constrs_1/new/ccyj.xdc:15]
CRITICAL WARNING: [Common 17-55] 'set_property' expects at least one object. [D:/Vivado/shudianzuoye/CCQ/CCQ.srcs/constrs_1/new/ccyj.xdc:15]
Resolution: If [get_<value>] was used to populate the object, check to make sure this command returns at least one valid object.
WARNING: [Vivado 12-584] No ports matched 'AN[3]'. [D:/Vivado/shudianzuoye/CCQ/CCQ.srcs/constrs_1/new/ccyj.xdc:16]
CRITICAL WARNING: [Common 17-55] 'set_property' expects at least one object. [D:/Vivado/shudianzuoye/CCQ/CCQ.srcs/constrs_1/new/ccyj.xdc:16]
Resolution: If [get_<value>] was used to populate the object, check to make sure this command returns at least one valid object.
WARNING: [Vivado 12-584] No ports matched 'AN[2]'. [D:/Vivado/shudianzuoye/CCQ/CCQ.srcs/constrs_1/new/ccyj.xdc:17]
CRITICAL WARNING: [Common 17-55] 'set_property' expects at least one object. [D:/Vivado/shudianzuoye/CCQ/CCQ.srcs/constrs_1/new/ccyj.xdc:17]
Resolution: If [get_<value>] was used to populate the object, check to make sure this command returns at least one valid object.
WARNING: [Vivado 12-584] No ports matched 'AN[1]'. [D:/Vivado/shudianzuoye/CCQ/CCQ.srcs/constrs_1/new/ccyj.xdc:18]
CRITICAL WARNING: [Common 17-55] 'set_property' expects at least one object. [D:/Vivado/shudianzuoye/CCQ/CCQ.srcs/constrs_1/new/ccyj.xdc:18]
Resolution: If [get_<value>] was used to populate the object, check to make sure this command returns at least one valid object.
WARNING: [Vivado 12-584] No ports matched 'AN[0]'. [D:/Vivado/shudianzuoye/CCQ/CCQ.srcs/constrs_1/new/ccyj.xdc:19]
CRITICAL WARNING: [Common 17-55] 'set_property' expects at least one object. [D:/Vivado/shudianzuoye/CCQ/CCQ.srcs/constrs_1/new/ccyj.xdc:19]
Resolution: If [get_<value>] was used to populate the object, check to make sure this command returns at least one valid object.
WARNING: [Vivado 12-584] No ports matched 'seg[7]'. [D:/Vivado/shudianzuoye/CCQ/CCQ.srcs/constrs_1/new/ccyj.xdc:20]
CRITICAL WARNING: [Common 17-55] 'set_property' expects at least one object. [D:/Vivado/shudianzuoye/CCQ/CCQ.srcs/constrs_1/new/ccyj.xdc:20]
Resolution: If [get_<value>] was used to populate the object, check to make sure this command returns at least one valid object.
WARNING: [Vivado 12-584] No ports matched 'seg[6]'. [D:/Vivado/shudianzuoye/CCQ/CCQ.srcs/constrs_1/new/ccyj.xdc:21]
CRITICAL WARNING: [Common 17-55] 'set_property' expects at least one object. [D:/Vivado/shudianzuoye/CCQ/CCQ.srcs/constrs_1/new/ccyj.xdc:21]
Resolution: If [get_<value>] was used to populate the object, check to make sure this command returns at least one valid object.
WARNING: [Vivado 12-584] No ports matched 'seg[5]'. [D:/Vivado/shudianzuoye/CCQ/CCQ.srcs/constrs_1/new/ccyj.xdc:22]
CRITICAL WARNING: [Common 17-55] 'set_property' expects at least one object. [D:/Vivado/shudianzuoye/CCQ/CCQ.srcs/constrs_1/new/ccyj.xdc:22]
Resolution: If [get_<value>] was used to populate the object, check to make sure this command returns at least one valid object.
WARNING: [Vivado 12-584] No ports matched 'seg[4]'. [D:/Vivado/shudianzuoye/CCQ/CCQ.srcs/constrs_1/new/ccyj.xdc:23]
CRITICAL WARNING: [Common 17-55] 'set_property' expects at least one object. [D:/Vivado/shudianzuoye/CCQ/CCQ.srcs/constrs_1/new/ccyj.xdc:23]
Resolution: If [get_<value>] was used to populate the object, check to make sure this command returns at least one valid object.
WARNING: [Vivado 12-584] No ports matched 'seg[3]'. [D:/Vivado/shudianzuoye/CCQ/CCQ.srcs/constrs_1/new/ccyj.xdc:24]
CRITICAL WARNING: [Common 17-55] 'set_property' expects at least one object. [D:/Vivado/shudianzuoye/CCQ/CCQ.srcs/constrs_1/new/ccyj.xdc:24]
Resolution: If [get_<value>] was used to populate the object, check to make sure this command returns at least one valid object.
WARNING: [Vivado 12-584] No ports matched 'seg[2]'. [D:/Vivado/shudianzuoye/CCQ/CCQ.srcs/constrs_1/new/ccyj.xdc:25]
CRITICAL WARNING: [Common 17-55] 'set_property' expects at least one object. [D:/Vivado/shudianzuoye/CCQ/CCQ.srcs/constrs_1/new/ccyj.xdc:25]
Resolution: If [get_<value>] was used to populate the object, check to make sure this command returns at least one valid object.
WARNING: [Vivado 12-584] No ports matched 'seg[1]'. [D:/Vivado/shudianzuoye/CCQ/CCQ.srcs/constrs_1/new/ccyj.xdc:26]
CRITICAL WARNING: [Common 17-55] 'set_property' expects at least one object. [D:/Vivado/shudianzuoye/CCQ/CCQ.srcs/constrs_1/new/ccyj.xdc:26]
Resolution: If [get_<value>] was used to populate the object, check to make sure this command returns at least one valid object.
WARNING: [Vivado 12-584] No ports matched 'seg[0]'. [D:/Vivado/shudianzuoye/CCQ/CCQ.srcs/constrs_1/new/ccyj.xdc:27]
CRITICAL WARNING: [Common 17-55] 'set_property' expects at least one object. [D:/Vivado/shudianzuoye/CCQ/CCQ.srcs/constrs_1/new/ccyj.xdc:27]
Resolution: If [get_<value>] was used to populate the object, check to make sure this command returns at least one valid object.
WARNING: [Vivado 12-584] No ports matched 'addra[7]'. [D:/Vivado/shudianzuoye/CCQ/CCQ.srcs/constrs_1/new/ccyj.xdc:30]
CRITICAL WARNING: [Common 17-55] 'set_property' expects at least one object. [D:/Vivado/shudianzuoye/CCQ/CCQ.srcs/constrs_1/new/ccyj.xdc:30]
Resolution: If [get_<value>] was used to populate the object, check to make sure this command returns at least one valid object.
WARNING: [Vivado 12-584] No ports matched 'addra[6]'. [D:/Vivado/shudianzuoye/CCQ/CCQ.srcs/constrs_1/new/ccyj.xdc:31]
CRITICAL WARNING: [Common 17-55] 'set_property' expects at least one object. [D:/Vivado/shudianzuoye/CCQ/CCQ.srcs/constrs_1/new/ccyj.xdc:31]
Resolution: If [get_<value>] was used to populate the object, check to make sure this command returns at least one valid object.
WARNING: [Vivado 12-584] No ports matched 'addra[5]'. [D:/Vivado/shudianzuoye/CCQ/CCQ.srcs/constrs_1/new/ccyj.xdc:32]
CRITICAL WARNING: [Common 17-55] 'set_property' expects at least one object. [D:/Vivado/shudianzuoye/CCQ/CCQ.srcs/constrs_1/new/ccyj.xdc:32]
Resolution: If [get_<value>] was used to populate the object, check to make sure this command returns at least one valid object.
WARNING: [Vivado 12-584] No ports matched 'addra[4]'. [D:/Vivado/shudianzuoye/CCQ/CCQ.srcs/constrs_1/new/ccyj.xdc:33]
CRITICAL WARNING: [Common 17-55] 'set_property' expects at least one object. [D:/Vivado/shudianzuoye/CCQ/CCQ.srcs/constrs_1/new/ccyj.xdc:33]
Resolution: If [get_<value>] was used to populate the object, check to make sure this command returns at least one valid object.
WARNING: [Vivado 12-584] No ports matched 'addra[3]'. [D:/Vivado/shudianzuoye/CCQ/CCQ.srcs/constrs_1/new/ccyj.xdc:34]
CRITICAL WARNING: [Common 17-55] 'set_property' expects at least one object. [D:/Vivado/shudianzuoye/CCQ/CCQ.srcs/constrs_1/new/ccyj.xdc:34]
Resolution: If [get_<value>] was used to populate the object, check to make sure this command returns at least one valid object.
WARNING: [Vivado 12-584] No ports matched 'addra[2]'. [D:/Vivado/shudianzuoye/CCQ/CCQ.srcs/constrs_1/new/ccyj.xdc:35]
CRITICAL WARNING: [Common 17-55] 'set_property' expects at least one object. [D:/Vivado/shudianzuoye/CCQ/CCQ.srcs/constrs_1/new/ccyj.xdc:35]
Resolution: If [get_<value>] was used to populate the object, check to make sure this command returns at least one valid object.
WARNING: [Vivado 12-584] No ports matched 'choice[2]'. [D:/Vivado/shudianzuoye/CCQ/CCQ.srcs/constrs_1/new/ccyj.xdc:36]
CRITICAL WARNING: [Common 17-55] 'set_property' expects at least one object. [D:/Vivado/shudianzuoye/CCQ/CCQ.srcs/constrs_1/new/ccyj.xdc:36]
Resolution: If [get_<value>] was used to populate the object, check to make sure this command returns at least one valid object.
WARNING: [Vivado 12-584] No ports matched 'choice[1]'. [D:/Vivado/shudianzuoye/CCQ/CCQ.srcs/constrs_1/new/ccyj.xdc:37]
CRITICAL WARNING: [Common 17-55] 'set_property' expects at least one object. [D:/Vivado/shudianzuoye/CCQ/CCQ.srcs/constrs_1/new/ccyj.xdc:37]
Resolution: If [get_<value>] was used to populate the object, check to make sure this command returns at least one valid object.
WARNING: [Vivado 12-584] No ports matched 'choice[0]'. [D:/Vivado/shudianzuoye/CCQ/CCQ.srcs/constrs_1/new/ccyj.xdc:38]
CRITICAL WARNING: [Common 17-55] 'set_property' expects at least one object. [D:/Vivado/shudianzuoye/CCQ/CCQ.srcs/constrs_1/new/ccyj.xdc:38]
Resolution: If [get_<value>] was used to populate the object, check to make sure this command returns at least one valid object.
WARNING: [Vivado 12-584] No ports matched 'wea[0]'. [D:/Vivado/shudianzuoye/CCQ/CCQ.srcs/constrs_1/new/ccyj.xdc:39]
CRITICAL WARNING: [Common 17-55] 'set_property' expects at least one object. [D:/Vivado/shudianzuoye/CCQ/CCQ.srcs/constrs_1/new/ccyj.xdc:39]
Resolution: If [get_<value>] was used to populate the object, check to make sure this command returns at least one valid object.
WARNING: [Vivado 12-584] No ports matched 'seg[7]'. [D:/Vivado/shudianzuoye/CCQ/CCQ.srcs/constrs_1/new/ccyj.xdc:46]
CRITICAL WARNING: [Common 17-55] 'set_property' expects at least one object. [D:/Vivado/shudianzuoye/CCQ/CCQ.srcs/constrs_1/new/ccyj.xdc:46]
Resolution: If [get_<value>] was used to populate the object, check to make sure this command returns at least one valid object.
WARNING: [Vivado 12-584] No ports matched 'seg[6]'. [D:/Vivado/shudianzuoye/CCQ/CCQ.srcs/constrs_1/new/ccyj.xdc:47]
CRITICAL WARNING: [Common 17-55] 'set_property' expects at least one object. [D:/Vivado/shudianzuoye/CCQ/CCQ.srcs/constrs_1/new/ccyj.xdc:47]
Resolution: If [get_<value>] was used to populate the object, check to make sure this command returns at least one valid object.
WARNING: [Vivado 12-584] No ports matched 'seg[5]'. [D:/Vivado/shudianzuoye/CCQ/CCQ.srcs/constrs_1/new/ccyj.xdc:48]
CRITICAL WARNING: [Common 17-55] 'set_property' expects at least one object. [D:/Vivado/shudianzuoye/CCQ/CCQ.srcs/constrs_1/new/ccyj.xdc:48]
Resolution: If [get_<value>] was used to populate the object, check to make sure this command returns at least one valid object.
WARNING: [Vivado 12-584] No ports matched 'seg[4]'. [D:/Vivado/shudianzuoye/CCQ/CCQ.srcs/constrs_1/new/ccyj.xdc:49]
CRITICAL WARNING: [Common 17-55] 'set_property' expects at least one object. [D:/Vivado/shudianzuoye/CCQ/CCQ.srcs/constrs_1/new/ccyj.xdc:49]
Resolution: If [get_<value>] was used to populate the object, check to make sure this command returns at least one valid object.
WARNING: [Vivado 12-584] No ports matched 'seg[3]'. [D:/Vivado/shudianzuoye/CCQ/CCQ.srcs/constrs_1/new/ccyj.xdc:50]
CRITICAL WARNING: [Common 17-55] 'set_property' expects at least one object. [D:/Vivado/shudianzuoye/CCQ/CCQ.srcs/constrs_1/new/ccyj.xdc:50]
Resolution: If [get_<value>] was used to populate the object, check to make sure this command returns at least one valid object.
WARNING: [Vivado 12-584] No ports matched 'seg[2]'. [D:/Vivado/shudianzuoye/CCQ/CCQ.srcs/constrs_1/new/ccyj.xdc:51]
CRITICAL WARNING: [Common 17-55] 'set_property' expects at least one object. [D:/Vivado/shudianzuoye/CCQ/CCQ.srcs/constrs_1/new/ccyj.xdc:51]
Resolution: If [get_<value>] was used to populate the object, check to make sure this command returns at least one valid object.
WARNING: [Vivado 12-584] No ports matched 'seg[1]'. [D:/Vivado/shudianzuoye/CCQ/CCQ.srcs/constrs_1/new/ccyj.xdc:52]
CRITICAL WARNING: [Common 17-55] 'set_property' expects at least one object. [D:/Vivado/shudianzuoye/CCQ/CCQ.srcs/constrs_1/new/ccyj.xdc:52]
Resolution: If [get_<value>] was used to populate the object, check to make sure this command returns at least one valid object.
WARNING: [Vivado 12-584] No ports matched 'seg[0]'. [D:/Vivado/shudianzuoye/CCQ/CCQ.srcs/constrs_1/new/ccyj.xdc:53]
CRITICAL WARNING: [Common 17-55] 'set_property' expects at least one object. [D:/Vivado/shudianzuoye/CCQ/CCQ.srcs/constrs_1/new/ccyj.xdc:53]
Resolution: If [get_<value>] was used to populate the object, check to make sure this command returns at least one valid object.
WARNING: [Vivado 12-584] No ports matched 'AN[7]'. [D:/Vivado/shudianzuoye/CCQ/CCQ.srcs/constrs_1/new/ccyj.xdc:55]
CRITICAL WARNING: [Common 17-55] 'set_property' expects at least one object. [D:/Vivado/shudianzuoye/CCQ/CCQ.srcs/constrs_1/new/ccyj.xdc:55]
Resolution: If [get_<value>] was used to populate the object, check to make sure this command returns at least one valid object.
WARNING: [Vivado 12-584] No ports matched 'AN[6]'. [D:/Vivado/shudianzuoye/CCQ/CCQ.srcs/constrs_1/new/ccyj.xdc:56]
CRITICAL WARNING: [Common 17-55] 'set_property' expects at least one object. [D:/Vivado/shudianzuoye/CCQ/CCQ.srcs/constrs_1/new/ccyj.xdc:56]
Resolution: If [get_<value>] was used to populate the object, check to make sure this command returns at least one valid object.
WARNING: [Vivado 12-584] No ports matched 'AN[5]'. [D:/Vivado/shudianzuoye/CCQ/CCQ.srcs/constrs_1/new/ccyj.xdc:57]
CRITICAL WARNING: [Common 17-55] 'set_property' expects at least one object. [D:/Vivado/shudianzuoye/CCQ/CCQ.srcs/constrs_1/new/ccyj.xdc:57]
Resolution: If [get_<value>] was used to populate the object, check to make sure this command returns at least one valid object.
WARNING: [Vivado 12-584] No ports matched 'AN[4]'. [D:/Vivado/shudianzuoye/CCQ/CCQ.srcs/constrs_1/new/ccyj.xdc:58]
CRITICAL WARNING: [Common 17-55] 'set_property' expects at least one object. [D:/Vivado/shudianzuoye/CCQ/CCQ.srcs/constrs_1/new/ccyj.xdc:58]
Resolution: If [get_<value>] was used to populate the object, check to make sure this command returns at least one valid object.
WARNING: [Vivado 12-584] No ports matched 'AN[3]'. [D:/Vivado/shudianzuoye/CCQ/CCQ.srcs/constrs_1/new/ccyj.xdc:59]
CRITICAL WARNING: [Common 17-55] 'set_property' expects at least one object. [D:/Vivado/shudianzuoye/CCQ/CCQ.srcs/constrs_1/new/ccyj.xdc:59]
Resolution: If [get_<value>] was used to populate the object, check to make sure this command returns at least one valid object.
WARNING: [Vivado 12-584] No ports matched 'AN[2]'. [D:/Vivado/shudianzuoye/CCQ/CCQ.srcs/constrs_1/new/ccyj.xdc:60]
CRITICAL WARNING: [Common 17-55] 'set_property' expects at least one object. [D:/Vivado/shudianzuoye/CCQ/CCQ.srcs/constrs_1/new/ccyj.xdc:60]
Resolution: If [get_<value>] was used to populate the object, check to make sure this command returns at least one valid object.
WARNING: [Vivado 12-584] No ports matched 'AN[1]'. [D:/Vivado/shudianzuoye/CCQ/CCQ.srcs/constrs_1/new/ccyj.xdc:61]
CRITICAL WARNING: [Common 17-55] 'set_property' expects at least one object. [D:/Vivado/shudianzuoye/CCQ/CCQ.srcs/constrs_1/new/ccyj.xdc:61]
Resolution: If [get_<value>] was used to populate the object, check to make sure this command returns at least one valid object.
WARNING: [Vivado 12-584] No ports matched 'AN[0]'. [D:/Vivado/shudianzuoye/CCQ/CCQ.srcs/constrs_1/new/ccyj.xdc:62]
CRITICAL WARNING: [Common 17-55] 'set_property' expects at least one object. [D:/Vivado/shudianzuoye/CCQ/CCQ.srcs/constrs_1/new/ccyj.xdc:62]
Resolution: If [get_<value>] was used to populate the object, check to make sure this command returns at least one valid object.
WARNING: [Vivado 12-584] No ports matched 'addra[7]'. [D:/Vivado/shudianzuoye/CCQ/CCQ.srcs/constrs_1/new/ccyj.xdc:64]
CRITICAL WARNING: [Common 17-55] 'set_property' expects at least one object. [D:/Vivado/shudianzuoye/CCQ/CCQ.srcs/constrs_1/new/ccyj.xdc:64]
Resolution: If [get_<value>] was used to populate the object, check to make sure this command returns at least one valid object.
WARNING: [Vivado 12-584] No ports matched 'addra[6]'. [D:/Vivado/shudianzuoye/CCQ/CCQ.srcs/constrs_1/new/ccyj.xdc:65]
CRITICAL WARNING: [Common 17-55] 'set_property' expects at least one object. [D:/Vivado/shudianzuoye/CCQ/CCQ.srcs/constrs_1/new/ccyj.xdc:65]
Resolution: If [get_<value>] was used to populate the object, check to make sure this command returns at least one valid object.
WARNING: [Vivado 12-584] No ports matched 'addra[5]'. [D:/Vivado/shudianzuoye/CCQ/CCQ.srcs/constrs_1/new/ccyj.xdc:66]
CRITICAL WARNING: [Common 17-55] 'set_property' expects at least one object. [D:/Vivado/shudianzuoye/CCQ/CCQ.srcs/constrs_1/new/ccyj.xdc:66]
Resolution: If [get_<value>] was used to populate the object, check to make sure this command returns at least one valid object.
WARNING: [Vivado 12-584] No ports matched 'addra[4]'. [D:/Vivado/shudianzuoye/CCQ/CCQ.srcs/constrs_1/new/ccyj.xdc:67]
CRITICAL WARNING: [Common 17-55] 'set_property' expects at least one object. [D:/Vivado/shudianzuoye/CCQ/CCQ.srcs/constrs_1/new/ccyj.xdc:67]
Resolution: If [get_<value>] was used to populate the object, check to make sure this command returns at least one valid object.
WARNING: [Vivado 12-584] No ports matched 'addra[3]'. [D:/Vivado/shudianzuoye/CCQ/CCQ.srcs/constrs_1/new/ccyj.xdc:68]
CRITICAL WARNING: [Common 17-55] 'set_property' expects at least one object. [D:/Vivado/shudianzuoye/CCQ/CCQ.srcs/constrs_1/new/ccyj.xdc:68]
Resolution: If [get_<value>] was used to populate the object, check to make sure this command returns at least one valid object.
WARNING: [Vivado 12-584] No ports matched 'addra[2]'. [D:/Vivado/shudianzuoye/CCQ/CCQ.srcs/constrs_1/new/ccyj.xdc:69]
CRITICAL WARNING: [Common 17-55] 'set_property' expects at least one object. [D:/Vivado/shudianzuoye/CCQ/CCQ.srcs/constrs_1/new/ccyj.xdc:69]
Resolution: If [get_<value>] was used to populate the object, check to make sure this command returns at least one valid object.
WARNING: [Vivado 12-584] No ports matched 'choice[2]'. [D:/Vivado/shudianzuoye/CCQ/CCQ.srcs/constrs_1/new/ccyj.xdc:71]
CRITICAL WARNING: [Common 17-55] 'set_property' expects at least one object. [D:/Vivado/shudianzuoye/CCQ/CCQ.srcs/constrs_1/new/ccyj.xdc:71]
Resolution: If [get_<value>] was used to populate the object, check to make sure this command returns at least one valid object.
WARNING: [Vivado 12-584] No ports matched 'choice[1]'. [D:/Vivado/shudianzuoye/CCQ/CCQ.srcs/constrs_1/new/ccyj.xdc:72]
CRITICAL WARNING: [Common 17-55] 'set_property' expects at least one object. [D:/Vivado/shudianzuoye/CCQ/CCQ.srcs/constrs_1/new/ccyj.xdc:72]
Resolution: If [get_<value>] was used to populate the object, check to make sure this command returns at least one valid object.
WARNING: [Vivado 12-584] No ports matched 'choice[0]'. [D:/Vivado/shudianzuoye/CCQ/CCQ.srcs/constrs_1/new/ccyj.xdc:73]
CRITICAL WARNING: [Common 17-55] 'set_property' expects at least one object. [D:/Vivado/shudianzuoye/CCQ/CCQ.srcs/constrs_1/new/ccyj.xdc:73]
Resolution: If [get_<value>] was used to populate the object, check to make sure this command returns at least one valid object.
WARNING: [Vivado 12-584] No ports matched 'wea[0]'. [D:/Vivado/shudianzuoye/CCQ/CCQ.srcs/constrs_1/new/ccyj.xdc:75]
CRITICAL WARNING: [Common 17-55] 'set_property' expects at least one object. [D:/Vivado/shudianzuoye/CCQ/CCQ.srcs/constrs_1/new/ccyj.xdc:75]
Resolution: If [get_<value>] was used to populate the object, check to make sure this command returns at least one valid object.
WARNING: [Vivado 12-584] No ports matched 'clka'. [D:/Vivado/shudianzuoye/CCQ/CCQ.srcs/constrs_1/new/ccyj.xdc:76]
CRITICAL WARNING: [Common 17-55] 'set_property' expects at least one object. [D:/Vivado/shudianzuoye/CCQ/CCQ.srcs/constrs_1/new/ccyj.xdc:76]
Resolution: If [get_<value>] was used to populate the object, check to make sure this command returns at least one valid object.
WARNING: [Vivado 12-507] No nets matched 'clka'. [D:/Vivado/shudianzuoye/CCQ/CCQ.srcs/constrs_1/new/ccyj.xdc:79]
CRITICAL WARNING: [Common 17-55] 'set_property' expects at least one object. [D:/Vivado/shudianzuoye/CCQ/CCQ.srcs/constrs_1/new/ccyj.xdc:79]
Resolution: If [get_<value>] was used to populate the object, check to make sure this command returns at least one valid object.
Finished Parsing XDC File [D:/Vivado/shudianzuoye/CCQ/CCQ.srcs/constrs_1/new/ccyj.xdc]
INFO: [Opt 31-138] Pushed 0 inverter(s) to 0 load pin(s).
Netlist sorting complete. Time (s): cpu = 00:00:00 ; elapsed = 00:00:00 . Memory (MB): peak = 645.344 ; gain = 0.000
INFO: [Project 1-111] Unisim Transformation Summary:
No Unisim elements were transformed.

5 Infos, 65 Warnings, 65 Critical Warnings and 0 Errors encountered.
link_design completed successfully
link_design: Time (s): cpu = 00:00:05 ; elapsed = 00:00:06 . Memory (MB): peak = 649.320 ; gain = 324.641
Command: opt_design
Attempting to get a license for feature 'Implementation' and/or device 'xc7a100t'
INFO: [Common 17-349] Got license for feature 'Implementation' and/or device 'xc7a100t'
Running DRC as a precondition to command opt_design

Starting DRC Task
INFO: [DRC 23-27] Running DRC with 2 threads
INFO: [Project 1-461] DRC finished with 0 Errors
INFO: [Project 1-462] Please refer to the DRC report (report_drc) for more information.

Time (s): cpu = 00:00:01 ; elapsed = 00:00:00.529 . Memory (MB): peak = 659.645 ; gain = 10.324

Starting Cache Timing Information Task
INFO: [Timing 38-35] Done setting XDC timing constraints.
Ending Cache Timing Information Task | Checksum: 2aff8141c

Time (s): cpu = 00:00:08 ; elapsed = 00:00:09 . Memory (MB): peak = 1201.109 ; gain = 541.465

Starting Logic Optimization Task

Phase 1 Retarget
INFO: [Opt 31-138] Pushed 0 inverter(s) to 0 load pin(s).
INFO: [Opt 31-49] Retargeted 0 cell(s).
Phase 1 Retarget | Checksum: 2aff8141c

Time (s): cpu = 00:00:00 ; elapsed = 00:00:00.007 . Memory (MB): peak = 1300.445 ; gain = 0.000
INFO: [Opt 31-389] Phase Retarget created 0 cells and removed 0 cells

Phase 2 Constant propagation
INFO: [Opt 31-138] Pushed 0 inverter(s) to 0 load pin(s).
Phase 2 Constant propagation | Checksum: 2aff8141c

Time (s): cpu = 00:00:00 ; elapsed = 00:00:00.008 . Memory (MB): peak = 1300.445 ; gain = 0.000
INFO: [Opt 31-389] Phase Constant propagation created 0 cells and removed 0 cells

Phase 3 Sweep
Phase 3 Sweep | Checksum: 2aff8141c

Time (s): cpu = 00:00:00 ; elapsed = 00:00:00.022 . Memory (MB): peak = 1300.445 ; gain = 0.000
INFO: [Opt 31-389] Phase Sweep created 0 cells and removed 0 cells

Phase 4 BUFG optimization
Phase 4 BUFG optimization | Checksum: 2aff8141c

Time (s): cpu = 00:00:00 ; elapsed = 00:00:00.023 . Memory (MB): peak = 1300.445 ; gain = 0.000
INFO: [Opt 31-662] Phase BUFG optimization created 0 cells of which 0 are BUFGs and removed 0 cells.

Phase 5 Shift Register Optimization
Phase 5 Shift Register Optimization | Checksum: 2aff8141c

Time (s): cpu = 00:00:00 ; elapsed = 00:00:00.045 . Memory (MB): peak = 1300.445 ; gain = 0.000
INFO: [Opt 31-389] Phase Shift Register Optimization created 0 cells and removed 0 cells

Phase 6 Post Processing Netlist
Phase 6 Post Processing Netlist | Checksum: 2aff8141c

Time (s): cpu = 00:00:00 ; elapsed = 00:00:00.046 . Memory (MB): peak = 1300.445 ; gain = 0.000
INFO: [Opt 31-389] Phase Post Processing Netlist created 0 cells and removed 0 cells
Opt_design Change Summary
=========================


-------------------------------------------------------------------------------------------------------------------------
|  Phase                        |  #Cells created  |  #Cells Removed  |  #Constrained objects preventing optimizations  |
-------------------------------------------------------------------------------------------------------------------------
|  Retarget                     |               0  |               0  |                                              0  |
|  Constant propagation         |               0  |               0  |                                              0  |
|  Sweep                        |               0  |               0  |                                              0  |
|  BUFG optimization            |               0  |               0  |                                              0  |
|  Shift Register Optimization  |               0  |               0  |                                              0  |
|  Post Processing Netlist      |               0  |               0  |                                              0  |
-------------------------------------------------------------------------------------------------------------------------



Starting Connectivity Check Task

Time (s): cpu = 00:00:00 ; elapsed = 00:00:00.001 . Memory (MB): peak = 1300.445 ; gain = 0.000
Ending Logic Optimization Task | Checksum: 2aff8141c

Time (s): cpu = 00:00:00 ; elapsed = 00:00:00.048 . Memory (MB): peak = 1300.445 ; gain = 0.000

Starting Power Optimization Task
INFO: [Pwropt 34-132] Skipping clock gating for clocks with a period < 2.00 ns.
Ending Power Optimization Task | Checksum: 2aff8141c

Time (s): cpu = 00:00:00 ; elapsed = 00:00:00.008 . Memory (MB): peak = 1300.445 ; gain = 0.000

Starting Final Cleanup Task
Ending Final Cleanup Task | Checksum: 2aff8141c

Time (s): cpu = 00:00:00 ; elapsed = 00:00:00 . Memory (MB): peak = 1300.445 ; gain = 0.000

Starting Netlist Obfuscation Task
Netlist sorting complete. Time (s): cpu = 00:00:00 ; elapsed = 00:00:00 . Memory (MB): peak = 1300.445 ; gain = 0.000
Ending Netlist Obfuscation Task | Checksum: 2aff8141c

Time (s): cpu = 00:00:00 ; elapsed = 00:00:00 . Memory (MB): peak = 1300.445 ; gain = 0.000
INFO: [Common 17-83] Releasing license: Implementation
21 Infos, 65 Warnings, 65 Critical Warnings and 0 Errors encountered.
opt_design completed successfully
opt_design: Time (s): cpu = 00:00:10 ; elapsed = 00:00:10 . Memory (MB): peak = 1300.445 ; gain = 651.125
Netlist sorting complete. Time (s): cpu = 00:00:00 ; elapsed = 00:00:00 . Memory (MB): peak = 1300.445 ; gain = 0.000
INFO: [Timing 38-480] Writing timing data to binary archive.
Writing placer database...
Writing XDEF routing.
Writing XDEF routing logical nets.
Writing XDEF routing special nets.
Write XDEF Complete: Time (s): cpu = 00:00:00 ; elapsed = 00:00:00.031 . Memory (MB): peak = 1300.445 ; gain = 0.000
Netlist sorting complete. Time (s): cpu = 00:00:00 ; elapsed = 00:00:00 . Memory (MB): peak = 1300.445 ; gain = 0.000
INFO: [Common 17-1381] The checkpoint 'D:/Vivado/shudianzuoye/CCQ/CCQ.runs/impl_1/fpq_opt.dcp' has been generated.
INFO: [runtcl-4] Executing : report_drc -file fpq_drc_opted.rpt -pb fpq_drc_opted.pb -rpx fpq_drc_opted.rpx
Command: report_drc -file fpq_drc_opted.rpt -pb fpq_drc_opted.pb -rpx fpq_drc_opted.rpx
INFO: [IP_Flow 19-234] Refreshing IP repositories
INFO: [IP_Flow 19-1704] No user IP repositories specified
INFO: [IP_Flow 19-2313] Loaded Vivado IP repository 'D:/Vivado/Vivado/2018.3/data/ip'.
INFO: [DRC 23-27] Running DRC with 2 threads
INFO: [Coretcl 2-168] The results of DRC are in file D:/Vivado/shudianzuoye/CCQ/CCQ.runs/impl_1/fpq_drc_opted.rpt.
report_drc completed successfully
Command: place_design
Attempting to get a license for feature 'Implementation' and/or device 'xc7a100t'
INFO: [Common 17-349] Got license for feature 'Implementation' and/or device 'xc7a100t'
INFO: [DRC 23-27] Running DRC with 2 threads
INFO: [Vivado_Tcl 4-198] DRC finished with 0 Errors
INFO: [Vivado_Tcl 4-199] Please refer to the DRC report (report_drc) for more information.
Running DRC as a precondition to command place_design
INFO: [DRC 23-27] Running DRC with 2 threads
INFO: [Vivado_Tcl 4-198] DRC finished with 0 Errors
INFO: [Vivado_Tcl 4-199] Please refer to the DRC report (report_drc) for more information.

Starting Placer Task
INFO: [Place 30-611] Multithreading enabled for place_design using a maximum of 2 CPUs

Phase 1 Placer Initialization

Phase 1.1 Placer Initialization Netlist Sorting
Netlist sorting complete. Time (s): cpu = 00:00:00 ; elapsed = 00:00:00 . Memory (MB): peak = 1300.445 ; gain = 0.000
Phase 1.1 Placer Initialization Netlist Sorting | Checksum: 1cb679e6f

Time (s): cpu = 00:00:00 ; elapsed = 00:00:00.003 . Memory (MB): peak = 1300.445 ; gain = 0.000
Netlist sorting complete. Time (s): cpu = 00:00:00 ; elapsed = 00:00:00 . Memory (MB): peak = 1300.445 ; gain = 0.000

Phase 1.2 IO Placement/ Clock Placement/ Build Placer Device
INFO: [Timing 38-35] Done setting XDC timing constraints.
Phase 1.2 IO Placement/ Clock Placement/ Build Placer Device | Checksum: 1a97185c0

Time (s): cpu = 00:00:01 ; elapsed = 00:00:00.817 . Memory (MB): peak = 1306.633 ; gain = 6.188

Phase 1.3 Build Placer Netlist Model
Phase 1.3 Build Placer Netlist Model | Checksum: 1ea884028

Time (s): cpu = 00:00:01 ; elapsed = 00:00:00.828 . Memory (MB): peak = 1306.633 ; gain = 6.188

Phase 1.4 Constrain Clocks/Macros
Phase 1.4 Constrain Clocks/Macros | Checksum: 1ea884028

Time (s): cpu = 00:00:01 ; elapsed = 00:00:00.831 . Memory (MB): peak = 1306.633 ; gain = 6.188
Phase 1 Placer Initialization | Checksum: 1ea884028

Time (s): cpu = 00:00:01 ; elapsed = 00:00:00.831 . Memory (MB): peak = 1306.633 ; gain = 6.188

Phase 2 Global Placement

Phase 2.1 Floorplanning
Phase 2.1 Floorplanning | Checksum: 1ea884028

Time (s): cpu = 00:00:01 ; elapsed = 00:00:00.835 . Memory (MB): peak = 1307.242 ; gain = 6.797
WARNING: [Place 46-29] place_design is not in timing mode. Skip physical synthesis in placer
Phase 2 Global Placement | Checksum: 25c78c1b0

Time (s): cpu = 00:00:02 ; elapsed = 00:00:01 . Memory (MB): peak = 1312.918 ; gain = 12.473

Phase 3 Detail Placement

Phase 3.1 Commit Multi Column Macros
Phase 3.1 Commit Multi Column Macros | Checksum: 25c78c1b0

Time (s): cpu = 00:00:02 ; elapsed = 00:00:01 . Memory (MB): peak = 1312.918 ; gain = 12.473

Phase 3.2 Commit Most Macros & LUTRAMs
Phase 3.2 Commit Most Macros & LUTRAMs | Checksum: 282cd89a9

Time (s): cpu = 00:00:02 ; elapsed = 00:00:01 . Memory (MB): peak = 1312.918 ; gain = 12.473

Phase 3.3 Area Swap Optimization
Phase 3.3 Area Swap Optimization | Checksum: 27ab4099f

Time (s): cpu = 00:00:02 ; elapsed = 00:00:01 . Memory (MB): peak = 1312.918 ; gain = 12.473

Phase 3.4 Pipeline Register Optimization
Phase 3.4 Pipeline Register Optimization | Checksum: 27ab4099f

Time (s): cpu = 00:00:02 ; elapsed = 00:00:01 . Memory (MB): peak = 1312.918 ; gain = 12.473

Phase 3.5 Small Shape Detail Placement
Phase 3.5 Small Shape Detail Placement | Checksum: 25c44f60b

Time (s): cpu = 00:00:02 ; elapsed = 00:00:01 . Memory (MB): peak = 1320.176 ; gain = 19.730

Phase 3.6 Re-assign LUT pins
Phase 3.6 Re-assign LUT pins | Checksum: 25c44f60b

Time (s): cpu = 00:00:02 ; elapsed = 00:00:01 . Memory (MB): peak = 1320.176 ; gain = 19.730

Phase 3.7 Pipeline Register Optimization
Phase 3.7 Pipeline Register Optimization | Checksum: 25c44f60b

Time (s): cpu = 00:00:02 ; elapsed = 00:00:01 . Memory (MB): peak = 1320.176 ; gain = 19.730
Phase 3 Detail Placement | Checksum: 25c44f60b

Time (s): cpu = 00:00:02 ; elapsed = 00:00:01 . Memory (MB): peak = 1320.176 ; gain = 19.730

Phase 4 Post Placement Optimization and Clean-Up

Phase 4.1 Post Commit Optimization
Phase 4.1 Post Commit Optimization | Checksum: 25c44f60b

Time (s): cpu = 00:00:02 ; elapsed = 00:00:01 . Memory (MB): peak = 1320.176 ; gain = 19.730

Phase 4.2 Post Placement Cleanup
Phase 4.2 Post Placement Cleanup | Checksum: 25c44f60b

Time (s): cpu = 00:00:02 ; elapsed = 00:00:01 . Memory (MB): peak = 1320.176 ; gain = 19.730

Phase 4.3 Placer Reporting
Phase 4.3 Placer Reporting | Checksum: 25c44f60b

Time (s): cpu = 00:00:02 ; elapsed = 00:00:01 . Memory (MB): peak = 1320.176 ; gain = 19.730

Phase 4.4 Final Placement Cleanup
Netlist sorting complete. Time (s): cpu = 00:00:00 ; elapsed = 00:00:00 . Memory (MB): peak = 1320.176 ; gain = 0.000
Phase 4.4 Final Placement Cleanup | Checksum: 2211c7364

Time (s): cpu = 00:00:02 ; elapsed = 00:00:01 . Memory (MB): peak = 1320.176 ; gain = 19.730
Phase 4 Post Placement Optimization and Clean-Up | Checksum: 2211c7364

Time (s): cpu = 00:00:02 ; elapsed = 00:00:01 . Memory (MB): peak = 1320.176 ; gain = 19.730
Ending Placer Task | Checksum: 12f80abf3

Time (s): cpu = 00:00:02 ; elapsed = 00:00:01 . Memory (MB): peak = 1320.176 ; gain = 19.730
INFO: [Common 17-83] Releasing license: Implementation
39 Infos, 66 Warnings, 65 Critical Warnings and 0 Errors encountered.
place_design completed successfully
Netlist sorting complete. Time (s): cpu = 00:00:00 ; elapsed = 00:00:00 . Memory (MB): peak = 1320.176 ; gain = 0.000
INFO: [Timing 38-480] Writing timing data to binary archive.
Writing placer database...
Writing XDEF routing.
Writing XDEF routing logical nets.
Writing XDEF routing special nets.
Write XDEF Complete: Time (s): cpu = 00:00:00 ; elapsed = 00:00:00.038 . Memory (MB): peak = 1321.039 ; gain = 0.863
Netlist sorting complete. Time (s): cpu = 00:00:00 ; elapsed = 00:00:00 . Memory (MB): peak = 1326.055 ; gain = 0.000
INFO: [Common 17-1381] The checkpoint 'D:/Vivado/shudianzuoye/CCQ/CCQ.runs/impl_1/fpq_placed.dcp' has been generated.
INFO: [runtcl-4] Executing : report_io -file fpq_io_placed.rpt
report_io: Time (s): cpu = 00:00:00 ; elapsed = 00:00:00.037 . Memory (MB): peak = 1326.055 ; gain = 0.000
INFO: [runtcl-4] Executing : report_utilization -file fpq_utilization_placed.rpt -pb fpq_utilization_placed.pb
INFO: [runtcl-4] Executing : report_control_sets -verbose -file fpq_control_sets_placed.rpt
report_control_sets: Time (s): cpu = 00:00:00 ; elapsed = 00:00:00.001 . Memory (MB): peak = 1326.055 ; gain = 0.000
Command: route_design
Attempting to get a license for feature 'Implementation' and/or device 'xc7a100t'
INFO: [Common 17-349] Got license for feature 'Implementation' and/or device 'xc7a100t'
Running DRC as a precondition to command route_design
INFO: [DRC 23-27] Running DRC with 2 threads
INFO: [Vivado_Tcl 4-198] DRC finished with 0 Errors
INFO: [Vivado_Tcl 4-199] Please refer to the DRC report (report_drc) for more information.


Starting Routing Task
INFO: [Route 35-254] Multithreading enabled for route_design using a maximum of 2 CPUs
Checksum: PlaceDB: a7276c0a ConstDB: 0 ShapeSum: 88593fe9 RouteDB: 0

Phase 1 Build RT Design
Phase 1 Build RT Design | Checksum: f1face3f

Time (s): cpu = 00:00:36 ; elapsed = 00:00:32 . Memory (MB): peak = 1482.363 ; gain = 156.309
Post Restoration Checksum: NetGraph: 233c92cf NumContArr: cebe3b70 Constraints: 0 Timing: 0

Phase 2 Router Initialization
INFO: [Route 35-64] No timing constraints were detected. The router will operate in resource-optimization mode.

Phase 2.1 Fix Topology Constraints
Phase 2.1 Fix Topology Constraints | Checksum: f1face3f

Time (s): cpu = 00:00:36 ; elapsed = 00:00:32 . Memory (MB): peak = 1487.773 ; gain = 161.719

Phase 2.2 Pre Route Cleanup
Phase 2.2 Pre Route Cleanup | Checksum: f1face3f

Time (s): cpu = 00:00:36 ; elapsed = 00:00:32 . Memory (MB): peak = 1487.773 ; gain = 161.719
 Number of Nodes with overlaps = 0
Phase 2 Router Initialization | Checksum: f9aa60ef

Time (s): cpu = 00:00:36 ; elapsed = 00:00:32 . Memory (MB): peak = 1494.500 ; gain = 168.445

Phase 3 Initial Routing
Phase 3 Initial Routing | Checksum: ec83fe5f

Time (s): cpu = 00:00:36 ; elapsed = 00:00:32 . Memory (MB): peak = 1495.785 ; gain = 169.730

Phase 4 Rip-up And Reroute

Phase 4.1 Global Iteration 0
 Number of Nodes with overlaps = 2
 Number of Nodes with overlaps = 0
Phase 4.1 Global Iteration 0 | Checksum: 15d198c42

Time (s): cpu = 00:00:36 ; elapsed = 00:00:32 . Memory (MB): peak = 1495.785 ; gain = 169.730
Phase 4 Rip-up And Reroute | Checksum: 15d198c42

Time (s): cpu = 00:00:36 ; elapsed = 00:00:32 . Memory (MB): peak = 1495.785 ; gain = 169.730

Phase 5 Delay and Skew Optimization
Phase 5 Delay and Skew Optimization | Checksum: 15d198c42

Time (s): cpu = 00:00:36 ; elapsed = 00:00:32 . Memory (MB): peak = 1495.785 ; gain = 169.730

Phase 6 Post Hold Fix

Phase 6.1 Hold Fix Iter
Phase 6.1 Hold Fix Iter | Checksum: 15d198c42

Time (s): cpu = 00:00:36 ; elapsed = 00:00:32 . Memory (MB): peak = 1495.785 ; gain = 169.730
Phase 6 Post Hold Fix | Checksum: 15d198c42

Time (s): cpu = 00:00:36 ; elapsed = 00:00:32 . Memory (MB): peak = 1495.785 ; gain = 169.730

Phase 7 Route finalize

Router Utilization Summary
  Global Vertical Routing Utilization    = 0.00147974 %
  Global Horizontal Routing Utilization  = 0.000781472 %
  Routable Net Status*
  *Does not include unroutable nets such as driverless and loadless.
  Run report_route_status for detailed report.
  Number of Failed Nets               = 0
  Number of Unrouted Nets             = 0
  Number of Partially Routed Nets     = 0
  Number of Node Overlaps             = 0

Congestion Report
North Dir 1x1 Area, Max Cong = 9.00901%, No Congested Regions.
South Dir 1x1 Area, Max Cong = 4.5045%, No Congested Regions.
East Dir 1x1 Area, Max Cong = 2.94118%, No Congested Regions.
West Dir 1x1 Area, Max Cong = 2.94118%, No Congested Regions.

------------------------------
Reporting congestion hotspots
------------------------------
Direction: North
----------------
Congested clusters found at Level 0
Effective congestion level: 0 Aspect Ratio: 1 Sparse Ratio: 0
Direction: South
----------------
Congested clusters found at Level 0
Effective congestion level: 0 Aspect Ratio: 1 Sparse Ratio: 0
Direction: East
----------------
Congested clusters found at Level 0
Effective congestion level: 0 Aspect Ratio: 1 Sparse Ratio: 0
Direction: West
----------------
Congested clusters found at Level 0
Effective congestion level: 0 Aspect Ratio: 1 Sparse Ratio: 0

Phase 7 Route finalize | Checksum: 15d198c42

Time (s): cpu = 00:00:36 ; elapsed = 00:00:32 . Memory (MB): peak = 1495.785 ; gain = 169.730

Phase 8 Verifying routed nets

 Verification completed successfully
Phase 8 Verifying routed nets | Checksum: 15d198c42

Time (s): cpu = 00:00:36 ; elapsed = 00:00:32 . Memory (MB): peak = 1497.816 ; gain = 171.762

Phase 9 Depositing Routes
Phase 9 Depositing Routes | Checksum: 15a24af3c

Time (s): cpu = 00:00:36 ; elapsed = 00:00:32 . Memory (MB): peak = 1497.816 ; gain = 171.762
INFO: [Route 35-16] Router Completed Successfully

Time (s): cpu = 00:00:36 ; elapsed = 00:00:32 . Memory (MB): peak = 1497.816 ; gain = 171.762

Routing Is Done.
INFO: [Common 17-83] Releasing license: Implementation
52 Infos, 66 Warnings, 65 Critical Warnings and 0 Errors encountered.
route_design completed successfully
route_design: Time (s): cpu = 00:00:37 ; elapsed = 00:00:33 . Memory (MB): peak = 1497.816 ; gain = 171.762
Netlist sorting complete. Time (s): cpu = 00:00:00 ; elapsed = 00:00:00 . Memory (MB): peak = 1497.816 ; gain = 0.000
INFO: [Timing 38-480] Writing timing data to binary archive.
Writing placer database...
Writing XDEF routing.
Writing XDEF routing logical nets.
Writing XDEF routing special nets.
Write XDEF Complete: Time (s): cpu = 00:00:00 ; elapsed = 00:00:00.032 . Memory (MB): peak = 1497.816 ; gain = 0.000
Netlist sorting complete. Time (s): cpu = 00:00:00 ; elapsed = 00:00:00 . Memory (MB): peak = 1497.816 ; gain = 0.000
INFO: [Common 17-1381] The checkpoint 'D:/Vivado/shudianzuoye/CCQ/CCQ.runs/impl_1/fpq_routed.dcp' has been generated.
INFO: [runtcl-4] Executing : report_drc -file fpq_drc_routed.rpt -pb fpq_drc_routed.pb -rpx fpq_drc_routed.rpx
Command: report_drc -file fpq_drc_routed.rpt -pb fpq_drc_routed.pb -rpx fpq_drc_routed.rpx
INFO: [IP_Flow 19-1839] IP Catalog is up to date.
INFO: [DRC 23-27] Running DRC with 2 threads
INFO: [Coretcl 2-168] The results of DRC are in file D:/Vivado/shudianzuoye/CCQ/CCQ.runs/impl_1/fpq_drc_routed.rpt.
report_drc completed successfully
INFO: [runtcl-4] Executing : report_methodology -file fpq_methodology_drc_routed.rpt -pb fpq_methodology_drc_routed.pb -rpx fpq_methodology_drc_routed.rpx
Command: report_methodology -file fpq_methodology_drc_routed.rpt -pb fpq_methodology_drc_routed.pb -rpx fpq_methodology_drc_routed.rpx
INFO: [Timing 38-35] Done setting XDC timing constraints.
INFO: [DRC 23-133] Running Methodology with 2 threads
INFO: [Coretcl 2-1520] The results of Report Methodology are in file D:/Vivado/shudianzuoye/CCQ/CCQ.runs/impl_1/fpq_methodology_drc_routed.rpt.
report_methodology completed successfully
INFO: [runtcl-4] Executing : report_power -file fpq_power_routed.rpt -pb fpq_power_summary_routed.pb -rpx fpq_power_routed.rpx
Command: report_power -file fpq_power_routed.rpt -pb fpq_power_summary_routed.pb -rpx fpq_power_routed.rpx
WARNING: [Power 33-232] No user defined clocks were found in the design!
Resolution: Please specify clocks using create_clock/create_generated_clock for sequential elements. For pure combinatorial circuits, please specify a virtual clock, otherwise the vectorless estimation might be inaccurate
INFO: [Timing 38-35] Done setting XDC timing constraints.
Running Vector-less Activity Propagation...

Finished Running Vector-less Activity Propagation
64 Infos, 67 Warnings, 65 Critical Warnings and 0 Errors encountered.
report_power completed successfully
INFO: [runtcl-4] Executing : report_route_status -file fpq_route_status.rpt -pb fpq_route_status.pb
INFO: [runtcl-4] Executing : report_timing_summary -max_paths 10 -file fpq_timing_summary_routed.rpt -pb fpq_timing_summary_routed.pb -rpx fpq_timing_summary_routed.rpx -warn_on_violation 
INFO: [Timing 38-91] UpdateTimingParams: Speed grade: -2L, Delay Type: min_max.
INFO: [Timing 38-191] Multithreading enabled for timing update using a maximum of 2 CPUs
WARNING: [Timing 38-313] There are no user specified timing constraints. Timing constraints are needed for proper timing analysis.
INFO: [runtcl-4] Executing : report_incremental_reuse -file fpq_incremental_reuse_routed.rpt
INFO: [Vivado_Tcl 4-1062] Incremental flow is disabled. No incremental reuse Info to report.
INFO: [runtcl-4] Executing : report_clock_utilization -file fpq_clock_utilization_routed.rpt
INFO: [runtcl-4] Executing : report_bus_skew -warn_on_violation -file fpq_bus_skew_routed.rpt -pb fpq_bus_skew_routed.pb -rpx fpq_bus_skew_routed.rpx
INFO: [Timing 38-91] UpdateTimingParams: Speed grade: -2L, Delay Type: min_max.
INFO: [Timing 38-191] Multithreading enabled for timing update using a maximum of 2 CPUs
INFO: [Common 17-206] Exiting Vivado at Sun May 16 15:52:05 2021...

*** Running vivado
    with args -log fpq.vdi -applog -m64 -product Vivado -messageDb vivado.pb -mode batch -source fpq.tcl -notrace


****** Vivado v2018.3 (64-bit)
  **** SW Build 2405991 on Thu Dec  6 23:38:27 MST 2018
  **** IP Build 2404404 on Fri Dec  7 01:43:56 MST 2018
    ** Copyright 1986-2018 Xilinx, Inc. All Rights Reserved.

source fpq.tcl -notrace
Command: link_design -top fpq -part xc7a100tcsg324-2L
Design is defaulting to srcset: sources_1
Design is defaulting to constrset: constrs_1
INFO: [Project 1-479] Netlist was created with Vivado 2018.3
INFO: [Device 21-403] Loading part xc7a100tcsg324-2L
INFO: [Project 1-570] Preparing netlist for logic optimization
Parsing XDC File [D:/Vivado/shudianzuoye/CCQ/CCQ.srcs/constrs_1/new/ccyj.xdc]
WARNING: [Vivado 12-584] No ports matched 'clka'. [D:/Vivado/shudianzuoye/CCQ/CCQ.srcs/constrs_1/new/ccyj.xdc:1]
CRITICAL WARNING: [Common 17-55] 'set_property' expects at least one object. [D:/Vivado/shudianzuoye/CCQ/CCQ.srcs/constrs_1/new/ccyj.xdc:1]
Resolution: If [get_<value>] was used to populate the object, check to make sure this command returns at least one valid object.
WARNING: [Vivado 12-584] No ports matched 'addra[7]'. [D:/Vivado/shudianzuoye/CCQ/CCQ.srcs/constrs_1/new/ccyj.xdc:2]
CRITICAL WARNING: [Common 17-55] 'set_property' expects at least one object. [D:/Vivado/shudianzuoye/CCQ/CCQ.srcs/constrs_1/new/ccyj.xdc:2]
Resolution: If [get_<value>] was used to populate the object, check to make sure this command returns at least one valid object.
WARNING: [Vivado 12-584] No ports matched 'addra[6]'. [D:/Vivado/shudianzuoye/CCQ/CCQ.srcs/constrs_1/new/ccyj.xdc:3]
CRITICAL WARNING: [Common 17-55] 'set_property' expects at least one object. [D:/Vivado/shudianzuoye/CCQ/CCQ.srcs/constrs_1/new/ccyj.xdc:3]
Resolution: If [get_<value>] was used to populate the object, check to make sure this command returns at least one valid object.
WARNING: [Vivado 12-584] No ports matched 'addra[5]'. [D:/Vivado/shudianzuoye/CCQ/CCQ.srcs/constrs_1/new/ccyj.xdc:4]
CRITICAL WARNING: [Common 17-55] 'set_property' expects at least one object. [D:/Vivado/shudianzuoye/CCQ/CCQ.srcs/constrs_1/new/ccyj.xdc:4]
Resolution: If [get_<value>] was used to populate the object, check to make sure this command returns at least one valid object.
WARNING: [Vivado 12-584] No ports matched 'addra[4]'. [D:/Vivado/shudianzuoye/CCQ/CCQ.srcs/constrs_1/new/ccyj.xdc:5]
CRITICAL WARNING: [Common 17-55] 'set_property' expects at least one object. [D:/Vivado/shudianzuoye/CCQ/CCQ.srcs/constrs_1/new/ccyj.xdc:5]
Resolution: If [get_<value>] was used to populate the object, check to make sure this command returns at least one valid object.
WARNING: [Vivado 12-584] No ports matched 'addra[3]'. [D:/Vivado/shudianzuoye/CCQ/CCQ.srcs/constrs_1/new/ccyj.xdc:6]
CRITICAL WARNING: [Common 17-55] 'set_property' expects at least one object. [D:/Vivado/shudianzuoye/CCQ/CCQ.srcs/constrs_1/new/ccyj.xdc:6]
Resolution: If [get_<value>] was used to populate the object, check to make sure this command returns at least one valid object.
WARNING: [Vivado 12-584] No ports matched 'addra[2]'. [D:/Vivado/shudianzuoye/CCQ/CCQ.srcs/constrs_1/new/ccyj.xdc:7]
CRITICAL WARNING: [Common 17-55] 'set_property' expects at least one object. [D:/Vivado/shudianzuoye/CCQ/CCQ.srcs/constrs_1/new/ccyj.xdc:7]
Resolution: If [get_<value>] was used to populate the object, check to make sure this command returns at least one valid object.
WARNING: [Vivado 12-584] No ports matched 'choice[2]'. [D:/Vivado/shudianzuoye/CCQ/CCQ.srcs/constrs_1/new/ccyj.xdc:8]
CRITICAL WARNING: [Common 17-55] 'set_property' expects at least one object. [D:/Vivado/shudianzuoye/CCQ/CCQ.srcs/constrs_1/new/ccyj.xdc:8]
Resolution: If [get_<value>] was used to populate the object, check to make sure this command returns at least one valid object.
WARNING: [Vivado 12-584] No ports matched 'choice[1]'. [D:/Vivado/shudianzuoye/CCQ/CCQ.srcs/constrs_1/new/ccyj.xdc:9]
CRITICAL WARNING: [Common 17-55] 'set_property' expects at least one object. [D:/Vivado/shudianzuoye/CCQ/CCQ.srcs/constrs_1/new/ccyj.xdc:9]
Resolution: If [get_<value>] was used to populate the object, check to make sure this command returns at least one valid object.
WARNING: [Vivado 12-584] No ports matched 'choice[0]'. [D:/Vivado/shudianzuoye/CCQ/CCQ.srcs/constrs_1/new/ccyj.xdc:10]
CRITICAL WARNING: [Common 17-55] 'set_property' expects at least one object. [D:/Vivado/shudianzuoye/CCQ/CCQ.srcs/constrs_1/new/ccyj.xdc:10]
Resolution: If [get_<value>] was used to populate the object, check to make sure this command returns at least one valid object.
WARNING: [Vivado 12-584] No ports matched 'wea[0]'. [D:/Vivado/shudianzuoye/CCQ/CCQ.srcs/constrs_1/new/ccyj.xdc:11]
CRITICAL WARNING: [Common 17-55] 'set_property' expects at least one object. [D:/Vivado/shudianzuoye/CCQ/CCQ.srcs/constrs_1/new/ccyj.xdc:11]
Resolution: If [get_<value>] was used to populate the object, check to make sure this command returns at least one valid object.
WARNING: [Vivado 12-584] No ports matched 'AN[7]'. [D:/Vivado/shudianzuoye/CCQ/CCQ.srcs/constrs_1/new/ccyj.xdc:12]
CRITICAL WARNING: [Common 17-55] 'set_property' expects at least one object. [D:/Vivado/shudianzuoye/CCQ/CCQ.srcs/constrs_1/new/ccyj.xdc:12]
Resolution: If [get_<value>] was used to populate the object, check to make sure this command returns at least one valid object.
WARNING: [Vivado 12-584] No ports matched 'AN[6]'. [D:/Vivado/shudianzuoye/CCQ/CCQ.srcs/constrs_1/new/ccyj.xdc:13]
CRITICAL WARNING: [Common 17-55] 'set_property' expects at least one object. [D:/Vivado/shudianzuoye/CCQ/CCQ.srcs/constrs_1/new/ccyj.xdc:13]
Resolution: If [get_<value>] was used to populate the object, check to make sure this command returns at least one valid object.
WARNING: [Vivado 12-584] No ports matched 'AN[5]'. [D:/Vivado/shudianzuoye/CCQ/CCQ.srcs/constrs_1/new/ccyj.xdc:14]
CRITICAL WARNING: [Common 17-55] 'set_property' expects at least one object. [D:/Vivado/shudianzuoye/CCQ/CCQ.srcs/constrs_1/new/ccyj.xdc:14]
Resolution: If [get_<value>] was used to populate the object, check to make sure this command returns at least one valid object.
WARNING: [Vivado 12-584] No ports matched 'AN[4]'. [D:/Vivado/shudianzuoye/CCQ/CCQ.srcs/constrs_1/new/ccyj.xdc:15]
CRITICAL WARNING: [Common 17-55] 'set_property' expects at least one object. [D:/Vivado/shudianzuoye/CCQ/CCQ.srcs/constrs_1/new/ccyj.xdc:15]
Resolution: If [get_<value>] was used to populate the object, check to make sure this command returns at least one valid object.
WARNING: [Vivado 12-584] No ports matched 'AN[3]'. [D:/Vivado/shudianzuoye/CCQ/CCQ.srcs/constrs_1/new/ccyj.xdc:16]
CRITICAL WARNING: [Common 17-55] 'set_property' expects at least one object. [D:/Vivado/shudianzuoye/CCQ/CCQ.srcs/constrs_1/new/ccyj.xdc:16]
Resolution: If [get_<value>] was used to populate the object, check to make sure this command returns at least one valid object.
WARNING: [Vivado 12-584] No ports matched 'AN[2]'. [D:/Vivado/shudianzuoye/CCQ/CCQ.srcs/constrs_1/new/ccyj.xdc:17]
CRITICAL WARNING: [Common 17-55] 'set_property' expects at least one object. [D:/Vivado/shudianzuoye/CCQ/CCQ.srcs/constrs_1/new/ccyj.xdc:17]
Resolution: If [get_<value>] was used to populate the object, check to make sure this command returns at least one valid object.
WARNING: [Vivado 12-584] No ports matched 'AN[1]'. [D:/Vivado/shudianzuoye/CCQ/CCQ.srcs/constrs_1/new/ccyj.xdc:18]
CRITICAL WARNING: [Common 17-55] 'set_property' expects at least one object. [D:/Vivado/shudianzuoye/CCQ/CCQ.srcs/constrs_1/new/ccyj.xdc:18]
Resolution: If [get_<value>] was used to populate the object, check to make sure this command returns at least one valid object.
WARNING: [Vivado 12-584] No ports matched 'AN[0]'. [D:/Vivado/shudianzuoye/CCQ/CCQ.srcs/constrs_1/new/ccyj.xdc:19]
CRITICAL WARNING: [Common 17-55] 'set_property' expects at least one object. [D:/Vivado/shudianzuoye/CCQ/CCQ.srcs/constrs_1/new/ccyj.xdc:19]
Resolution: If [get_<value>] was used to populate the object, check to make sure this command returns at least one valid object.
WARNING: [Vivado 12-584] No ports matched 'seg[7]'. [D:/Vivado/shudianzuoye/CCQ/CCQ.srcs/constrs_1/new/ccyj.xdc:20]
CRITICAL WARNING: [Common 17-55] 'set_property' expects at least one object. [D:/Vivado/shudianzuoye/CCQ/CCQ.srcs/constrs_1/new/ccyj.xdc:20]
Resolution: If [get_<value>] was used to populate the object, check to make sure this command returns at least one valid object.
WARNING: [Vivado 12-584] No ports matched 'seg[6]'. [D:/Vivado/shudianzuoye/CCQ/CCQ.srcs/constrs_1/new/ccyj.xdc:21]
CRITICAL WARNING: [Common 17-55] 'set_property' expects at least one object. [D:/Vivado/shudianzuoye/CCQ/CCQ.srcs/constrs_1/new/ccyj.xdc:21]
Resolution: If [get_<value>] was used to populate the object, check to make sure this command returns at least one valid object.
WARNING: [Vivado 12-584] No ports matched 'seg[5]'. [D:/Vivado/shudianzuoye/CCQ/CCQ.srcs/constrs_1/new/ccyj.xdc:22]
CRITICAL WARNING: [Common 17-55] 'set_property' expects at least one object. [D:/Vivado/shudianzuoye/CCQ/CCQ.srcs/constrs_1/new/ccyj.xdc:22]
Resolution: If [get_<value>] was used to populate the object, check to make sure this command returns at least one valid object.
WARNING: [Vivado 12-584] No ports matched 'seg[4]'. [D:/Vivado/shudianzuoye/CCQ/CCQ.srcs/constrs_1/new/ccyj.xdc:23]
CRITICAL WARNING: [Common 17-55] 'set_property' expects at least one object. [D:/Vivado/shudianzuoye/CCQ/CCQ.srcs/constrs_1/new/ccyj.xdc:23]
Resolution: If [get_<value>] was used to populate the object, check to make sure this command returns at least one valid object.
WARNING: [Vivado 12-584] No ports matched 'seg[3]'. [D:/Vivado/shudianzuoye/CCQ/CCQ.srcs/constrs_1/new/ccyj.xdc:24]
CRITICAL WARNING: [Common 17-55] 'set_property' expects at least one object. [D:/Vivado/shudianzuoye/CCQ/CCQ.srcs/constrs_1/new/ccyj.xdc:24]
Resolution: If [get_<value>] was used to populate the object, check to make sure this command returns at least one valid object.
WARNING: [Vivado 12-584] No ports matched 'seg[2]'. [D:/Vivado/shudianzuoye/CCQ/CCQ.srcs/constrs_1/new/ccyj.xdc:25]
CRITICAL WARNING: [Common 17-55] 'set_property' expects at least one object. [D:/Vivado/shudianzuoye/CCQ/CCQ.srcs/constrs_1/new/ccyj.xdc:25]
Resolution: If [get_<value>] was used to populate the object, check to make sure this command returns at least one valid object.
WARNING: [Vivado 12-584] No ports matched 'seg[1]'. [D:/Vivado/shudianzuoye/CCQ/CCQ.srcs/constrs_1/new/ccyj.xdc:26]
CRITICAL WARNING: [Common 17-55] 'set_property' expects at least one object. [D:/Vivado/shudianzuoye/CCQ/CCQ.srcs/constrs_1/new/ccyj.xdc:26]
Resolution: If [get_<value>] was used to populate the object, check to make sure this command returns at least one valid object.
WARNING: [Vivado 12-584] No ports matched 'seg[0]'. [D:/Vivado/shudianzuoye/CCQ/CCQ.srcs/constrs_1/new/ccyj.xdc:27]
CRITICAL WARNING: [Common 17-55] 'set_property' expects at least one object. [D:/Vivado/shudianzuoye/CCQ/CCQ.srcs/constrs_1/new/ccyj.xdc:27]
Resolution: If [get_<value>] was used to populate the object, check to make sure this command returns at least one valid object.
WARNING: [Vivado 12-584] No ports matched 'addra[7]'. [D:/Vivado/shudianzuoye/CCQ/CCQ.srcs/constrs_1/new/ccyj.xdc:30]
CRITICAL WARNING: [Common 17-55] 'set_property' expects at least one object. [D:/Vivado/shudianzuoye/CCQ/CCQ.srcs/constrs_1/new/ccyj.xdc:30]
Resolution: If [get_<value>] was used to populate the object, check to make sure this command returns at least one valid object.
WARNING: [Vivado 12-584] No ports matched 'addra[6]'. [D:/Vivado/shudianzuoye/CCQ/CCQ.srcs/constrs_1/new/ccyj.xdc:31]
CRITICAL WARNING: [Common 17-55] 'set_property' expects at least one object. [D:/Vivado/shudianzuoye/CCQ/CCQ.srcs/constrs_1/new/ccyj.xdc:31]
Resolution: If [get_<value>] was used to populate the object, check to make sure this command returns at least one valid object.
WARNING: [Vivado 12-584] No ports matched 'addra[5]'. [D:/Vivado/shudianzuoye/CCQ/CCQ.srcs/constrs_1/new/ccyj.xdc:32]
CRITICAL WARNING: [Common 17-55] 'set_property' expects at least one object. [D:/Vivado/shudianzuoye/CCQ/CCQ.srcs/constrs_1/new/ccyj.xdc:32]
Resolution: If [get_<value>] was used to populate the object, check to make sure this command returns at least one valid object.
WARNING: [Vivado 12-584] No ports matched 'addra[4]'. [D:/Vivado/shudianzuoye/CCQ/CCQ.srcs/constrs_1/new/ccyj.xdc:33]
CRITICAL WARNING: [Common 17-55] 'set_property' expects at least one object. [D:/Vivado/shudianzuoye/CCQ/CCQ.srcs/constrs_1/new/ccyj.xdc:33]
Resolution: If [get_<value>] was used to populate the object, check to make sure this command returns at least one valid object.
WARNING: [Vivado 12-584] No ports matched 'addra[3]'. [D:/Vivado/shudianzuoye/CCQ/CCQ.srcs/constrs_1/new/ccyj.xdc:34]
CRITICAL WARNING: [Common 17-55] 'set_property' expects at least one object. [D:/Vivado/shudianzuoye/CCQ/CCQ.srcs/constrs_1/new/ccyj.xdc:34]
Resolution: If [get_<value>] was used to populate the object, check to make sure this command returns at least one valid object.
WARNING: [Vivado 12-584] No ports matched 'addra[2]'. [D:/Vivado/shudianzuoye/CCQ/CCQ.srcs/constrs_1/new/ccyj.xdc:35]
CRITICAL WARNING: [Common 17-55] 'set_property' expects at least one object. [D:/Vivado/shudianzuoye/CCQ/CCQ.srcs/constrs_1/new/ccyj.xdc:35]
Resolution: If [get_<value>] was used to populate the object, check to make sure this command returns at least one valid object.
WARNING: [Vivado 12-584] No ports matched 'choice[2]'. [D:/Vivado/shudianzuoye/CCQ/CCQ.srcs/constrs_1/new/ccyj.xdc:36]
CRITICAL WARNING: [Common 17-55] 'set_property' expects at least one object. [D:/Vivado/shudianzuoye/CCQ/CCQ.srcs/constrs_1/new/ccyj.xdc:36]
Resolution: If [get_<value>] was used to populate the object, check to make sure this command returns at least one valid object.
WARNING: [Vivado 12-584] No ports matched 'choice[1]'. [D:/Vivado/shudianzuoye/CCQ/CCQ.srcs/constrs_1/new/ccyj.xdc:37]
CRITICAL WARNING: [Common 17-55] 'set_property' expects at least one object. [D:/Vivado/shudianzuoye/CCQ/CCQ.srcs/constrs_1/new/ccyj.xdc:37]
Resolution: If [get_<value>] was used to populate the object, check to make sure this command returns at least one valid object.
WARNING: [Vivado 12-584] No ports matched 'choice[0]'. [D:/Vivado/shudianzuoye/CCQ/CCQ.srcs/constrs_1/new/ccyj.xdc:38]
CRITICAL WARNING: [Common 17-55] 'set_property' expects at least one object. [D:/Vivado/shudianzuoye/CCQ/CCQ.srcs/constrs_1/new/ccyj.xdc:38]
Resolution: If [get_<value>] was used to populate the object, check to make sure this command returns at least one valid object.
WARNING: [Vivado 12-584] No ports matched 'wea[0]'. [D:/Vivado/shudianzuoye/CCQ/CCQ.srcs/constrs_1/new/ccyj.xdc:39]
CRITICAL WARNING: [Common 17-55] 'set_property' expects at least one object. [D:/Vivado/shudianzuoye/CCQ/CCQ.srcs/constrs_1/new/ccyj.xdc:39]
Resolution: If [get_<value>] was used to populate the object, check to make sure this command returns at least one valid object.
WARNING: [Vivado 12-584] No ports matched 'seg[7]'. [D:/Vivado/shudianzuoye/CCQ/CCQ.srcs/constrs_1/new/ccyj.xdc:46]
CRITICAL WARNING: [Common 17-55] 'set_property' expects at least one object. [D:/Vivado/shudianzuoye/CCQ/CCQ.srcs/constrs_1/new/ccyj.xdc:46]
Resolution: If [get_<value>] was used to populate the object, check to make sure this command returns at least one valid object.
WARNING: [Vivado 12-584] No ports matched 'seg[6]'. [D:/Vivado/shudianzuoye/CCQ/CCQ.srcs/constrs_1/new/ccyj.xdc:47]
CRITICAL WARNING: [Common 17-55] 'set_property' expects at least one object. [D:/Vivado/shudianzuoye/CCQ/CCQ.srcs/constrs_1/new/ccyj.xdc:47]
Resolution: If [get_<value>] was used to populate the object, check to make sure this command returns at least one valid object.
WARNING: [Vivado 12-584] No ports matched 'seg[5]'. [D:/Vivado/shudianzuoye/CCQ/CCQ.srcs/constrs_1/new/ccyj.xdc:48]
CRITICAL WARNING: [Common 17-55] 'set_property' expects at least one object. [D:/Vivado/shudianzuoye/CCQ/CCQ.srcs/constrs_1/new/ccyj.xdc:48]
Resolution: If [get_<value>] was used to populate the object, check to make sure this command returns at least one valid object.
WARNING: [Vivado 12-584] No ports matched 'seg[4]'. [D:/Vivado/shudianzuoye/CCQ/CCQ.srcs/constrs_1/new/ccyj.xdc:49]
CRITICAL WARNING: [Common 17-55] 'set_property' expects at least one object. [D:/Vivado/shudianzuoye/CCQ/CCQ.srcs/constrs_1/new/ccyj.xdc:49]
Resolution: If [get_<value>] was used to populate the object, check to make sure this command returns at least one valid object.
WARNING: [Vivado 12-584] No ports matched 'seg[3]'. [D:/Vivado/shudianzuoye/CCQ/CCQ.srcs/constrs_1/new/ccyj.xdc:50]
CRITICAL WARNING: [Common 17-55] 'set_property' expects at least one object. [D:/Vivado/shudianzuoye/CCQ/CCQ.srcs/constrs_1/new/ccyj.xdc:50]
Resolution: If [get_<value>] was used to populate the object, check to make sure this command returns at least one valid object.
WARNING: [Vivado 12-584] No ports matched 'seg[2]'. [D:/Vivado/shudianzuoye/CCQ/CCQ.srcs/constrs_1/new/ccyj.xdc:51]
CRITICAL WARNING: [Common 17-55] 'set_property' expects at least one object. [D:/Vivado/shudianzuoye/CCQ/CCQ.srcs/constrs_1/new/ccyj.xdc:51]
Resolution: If [get_<value>] was used to populate the object, check to make sure this command returns at least one valid object.
WARNING: [Vivado 12-584] No ports matched 'seg[1]'. [D:/Vivado/shudianzuoye/CCQ/CCQ.srcs/constrs_1/new/ccyj.xdc:52]
CRITICAL WARNING: [Common 17-55] 'set_property' expects at least one object. [D:/Vivado/shudianzuoye/CCQ/CCQ.srcs/constrs_1/new/ccyj.xdc:52]
Resolution: If [get_<value>] was used to populate the object, check to make sure this command returns at least one valid object.
WARNING: [Vivado 12-584] No ports matched 'seg[0]'. [D:/Vivado/shudianzuoye/CCQ/CCQ.srcs/constrs_1/new/ccyj.xdc:53]
CRITICAL WARNING: [Common 17-55] 'set_property' expects at least one object. [D:/Vivado/shudianzuoye/CCQ/CCQ.srcs/constrs_1/new/ccyj.xdc:53]
Resolution: If [get_<value>] was used to populate the object, check to make sure this command returns at least one valid object.
WARNING: [Vivado 12-584] No ports matched 'AN[7]'. [D:/Vivado/shudianzuoye/CCQ/CCQ.srcs/constrs_1/new/ccyj.xdc:55]
CRITICAL WARNING: [Common 17-55] 'set_property' expects at least one object. [D:/Vivado/shudianzuoye/CCQ/CCQ.srcs/constrs_1/new/ccyj.xdc:55]
Resolution: If [get_<value>] was used to populate the object, check to make sure this command returns at least one valid object.
WARNING: [Vivado 12-584] No ports matched 'AN[6]'. [D:/Vivado/shudianzuoye/CCQ/CCQ.srcs/constrs_1/new/ccyj.xdc:56]
CRITICAL WARNING: [Common 17-55] 'set_property' expects at least one object. [D:/Vivado/shudianzuoye/CCQ/CCQ.srcs/constrs_1/new/ccyj.xdc:56]
Resolution: If [get_<value>] was used to populate the object, check to make sure this command returns at least one valid object.
WARNING: [Vivado 12-584] No ports matched 'AN[5]'. [D:/Vivado/shudianzuoye/CCQ/CCQ.srcs/constrs_1/new/ccyj.xdc:57]
CRITICAL WARNING: [Common 17-55] 'set_property' expects at least one object. [D:/Vivado/shudianzuoye/CCQ/CCQ.srcs/constrs_1/new/ccyj.xdc:57]
Resolution: If [get_<value>] was used to populate the object, check to make sure this command returns at least one valid object.
WARNING: [Vivado 12-584] No ports matched 'AN[4]'. [D:/Vivado/shudianzuoye/CCQ/CCQ.srcs/constrs_1/new/ccyj.xdc:58]
CRITICAL WARNING: [Common 17-55] 'set_property' expects at least one object. [D:/Vivado/shudianzuoye/CCQ/CCQ.srcs/constrs_1/new/ccyj.xdc:58]
Resolution: If [get_<value>] was used to populate the object, check to make sure this command returns at least one valid object.
WARNING: [Vivado 12-584] No ports matched 'AN[3]'. [D:/Vivado/shudianzuoye/CCQ/CCQ.srcs/constrs_1/new/ccyj.xdc:59]
CRITICAL WARNING: [Common 17-55] 'set_property' expects at least one object. [D:/Vivado/shudianzuoye/CCQ/CCQ.srcs/constrs_1/new/ccyj.xdc:59]
Resolution: If [get_<value>] was used to populate the object, check to make sure this command returns at least one valid object.
WARNING: [Vivado 12-584] No ports matched 'AN[2]'. [D:/Vivado/shudianzuoye/CCQ/CCQ.srcs/constrs_1/new/ccyj.xdc:60]
CRITICAL WARNING: [Common 17-55] 'set_property' expects at least one object. [D:/Vivado/shudianzuoye/CCQ/CCQ.srcs/constrs_1/new/ccyj.xdc:60]
Resolution: If [get_<value>] was used to populate the object, check to make sure this command returns at least one valid object.
WARNING: [Vivado 12-584] No ports matched 'AN[1]'. [D:/Vivado/shudianzuoye/CCQ/CCQ.srcs/constrs_1/new/ccyj.xdc:61]
CRITICAL WARNING: [Common 17-55] 'set_property' expects at least one object. [D:/Vivado/shudianzuoye/CCQ/CCQ.srcs/constrs_1/new/ccyj.xdc:61]
Resolution: If [get_<value>] was used to populate the object, check to make sure this command returns at least one valid object.
WARNING: [Vivado 12-584] No ports matched 'AN[0]'. [D:/Vivado/shudianzuoye/CCQ/CCQ.srcs/constrs_1/new/ccyj.xdc:62]
CRITICAL WARNING: [Common 17-55] 'set_property' expects at least one object. [D:/Vivado/shudianzuoye/CCQ/CCQ.srcs/constrs_1/new/ccyj.xdc:62]
Resolution: If [get_<value>] was used to populate the object, check to make sure this command returns at least one valid object.
WARNING: [Vivado 12-584] No ports matched 'addra[7]'. [D:/Vivado/shudianzuoye/CCQ/CCQ.srcs/constrs_1/new/ccyj.xdc:64]
CRITICAL WARNING: [Common 17-55] 'set_property' expects at least one object. [D:/Vivado/shudianzuoye/CCQ/CCQ.srcs/constrs_1/new/ccyj.xdc:64]
Resolution: If [get_<value>] was used to populate the object, check to make sure this command returns at least one valid object.
WARNING: [Vivado 12-584] No ports matched 'addra[6]'. [D:/Vivado/shudianzuoye/CCQ/CCQ.srcs/constrs_1/new/ccyj.xdc:65]
CRITICAL WARNING: [Common 17-55] 'set_property' expects at least one object. [D:/Vivado/shudianzuoye/CCQ/CCQ.srcs/constrs_1/new/ccyj.xdc:65]
Resolution: If [get_<value>] was used to populate the object, check to make sure this command returns at least one valid object.
WARNING: [Vivado 12-584] No ports matched 'addra[5]'. [D:/Vivado/shudianzuoye/CCQ/CCQ.srcs/constrs_1/new/ccyj.xdc:66]
CRITICAL WARNING: [Common 17-55] 'set_property' expects at least one object. [D:/Vivado/shudianzuoye/CCQ/CCQ.srcs/constrs_1/new/ccyj.xdc:66]
Resolution: If [get_<value>] was used to populate the object, check to make sure this command returns at least one valid object.
WARNING: [Vivado 12-584] No ports matched 'addra[4]'. [D:/Vivado/shudianzuoye/CCQ/CCQ.srcs/constrs_1/new/ccyj.xdc:67]
CRITICAL WARNING: [Common 17-55] 'set_property' expects at least one object. [D:/Vivado/shudianzuoye/CCQ/CCQ.srcs/constrs_1/new/ccyj.xdc:67]
Resolution: If [get_<value>] was used to populate the object, check to make sure this command returns at least one valid object.
WARNING: [Vivado 12-584] No ports matched 'addra[3]'. [D:/Vivado/shudianzuoye/CCQ/CCQ.srcs/constrs_1/new/ccyj.xdc:68]
CRITICAL WARNING: [Common 17-55] 'set_property' expects at least one object. [D:/Vivado/shudianzuoye/CCQ/CCQ.srcs/constrs_1/new/ccyj.xdc:68]
Resolution: If [get_<value>] was used to populate the object, check to make sure this command returns at least one valid object.
WARNING: [Vivado 12-584] No ports matched 'addra[2]'. [D:/Vivado/shudianzuoye/CCQ/CCQ.srcs/constrs_1/new/ccyj.xdc:69]
CRITICAL WARNING: [Common 17-55] 'set_property' expects at least one object. [D:/Vivado/shudianzuoye/CCQ/CCQ.srcs/constrs_1/new/ccyj.xdc:69]
Resolution: If [get_<value>] was used to populate the object, check to make sure this command returns at least one valid object.
WARNING: [Vivado 12-584] No ports matched 'choice[2]'. [D:/Vivado/shudianzuoye/CCQ/CCQ.srcs/constrs_1/new/ccyj.xdc:71]
CRITICAL WARNING: [Common 17-55] 'set_property' expects at least one object. [D:/Vivado/shudianzuoye/CCQ/CCQ.srcs/constrs_1/new/ccyj.xdc:71]
Resolution: If [get_<value>] was used to populate the object, check to make sure this command returns at least one valid object.
WARNING: [Vivado 12-584] No ports matched 'choice[1]'. [D:/Vivado/shudianzuoye/CCQ/CCQ.srcs/constrs_1/new/ccyj.xdc:72]
CRITICAL WARNING: [Common 17-55] 'set_property' expects at least one object. [D:/Vivado/shudianzuoye/CCQ/CCQ.srcs/constrs_1/new/ccyj.xdc:72]
Resolution: If [get_<value>] was used to populate the object, check to make sure this command returns at least one valid object.
WARNING: [Vivado 12-584] No ports matched 'choice[0]'. [D:/Vivado/shudianzuoye/CCQ/CCQ.srcs/constrs_1/new/ccyj.xdc:73]
CRITICAL WARNING: [Common 17-55] 'set_property' expects at least one object. [D:/Vivado/shudianzuoye/CCQ/CCQ.srcs/constrs_1/new/ccyj.xdc:73]
Resolution: If [get_<value>] was used to populate the object, check to make sure this command returns at least one valid object.
WARNING: [Vivado 12-584] No ports matched 'wea[0]'. [D:/Vivado/shudianzuoye/CCQ/CCQ.srcs/constrs_1/new/ccyj.xdc:75]
CRITICAL WARNING: [Common 17-55] 'set_property' expects at least one object. [D:/Vivado/shudianzuoye/CCQ/CCQ.srcs/constrs_1/new/ccyj.xdc:75]
Resolution: If [get_<value>] was used to populate the object, check to make sure this command returns at least one valid object.
WARNING: [Vivado 12-584] No ports matched 'clka'. [D:/Vivado/shudianzuoye/CCQ/CCQ.srcs/constrs_1/new/ccyj.xdc:76]
CRITICAL WARNING: [Common 17-55] 'set_property' expects at least one object. [D:/Vivado/shudianzuoye/CCQ/CCQ.srcs/constrs_1/new/ccyj.xdc:76]
Resolution: If [get_<value>] was used to populate the object, check to make sure this command returns at least one valid object.
WARNING: [Vivado 12-507] No nets matched 'clka'. [D:/Vivado/shudianzuoye/CCQ/CCQ.srcs/constrs_1/new/ccyj.xdc:79]
CRITICAL WARNING: [Common 17-55] 'set_property' expects at least one object. [D:/Vivado/shudianzuoye/CCQ/CCQ.srcs/constrs_1/new/ccyj.xdc:79]
Resolution: If [get_<value>] was used to populate the object, check to make sure this command returns at least one valid object.
Finished Parsing XDC File [D:/Vivado/shudianzuoye/CCQ/CCQ.srcs/constrs_1/new/ccyj.xdc]
INFO: [Opt 31-138] Pushed 0 inverter(s) to 0 load pin(s).
Netlist sorting complete. Time (s): cpu = 00:00:00 ; elapsed = 00:00:00 . Memory (MB): peak = 645.902 ; gain = 0.000
INFO: [Project 1-111] Unisim Transformation Summary:
No Unisim elements were transformed.

5 Infos, 65 Warnings, 65 Critical Warnings and 0 Errors encountered.
link_design completed successfully
link_design: Time (s): cpu = 00:00:05 ; elapsed = 00:00:06 . Memory (MB): peak = 649.918 ; gain = 324.391
Command: opt_design
Attempting to get a license for feature 'Implementation' and/or device 'xc7a100t'
INFO: [Common 17-349] Got license for feature 'Implementation' and/or device 'xc7a100t'
Running DRC as a precondition to command opt_design

Starting DRC Task
INFO: [DRC 23-27] Running DRC with 2 threads
INFO: [Project 1-461] DRC finished with 0 Errors
INFO: [Project 1-462] Please refer to the DRC report (report_drc) for more information.

Time (s): cpu = 00:00:01 ; elapsed = 00:00:00.539 . Memory (MB): peak = 659.922 ; gain = 10.004

Starting Cache Timing Information Task
INFO: [Timing 38-35] Done setting XDC timing constraints.
Ending Cache Timing Information Task | Checksum: 2aff8141c

Time (s): cpu = 00:00:09 ; elapsed = 00:00:09 . Memory (MB): peak = 1202.582 ; gain = 542.660

Starting Logic Optimization Task

Phase 1 Retarget
INFO: [Opt 31-138] Pushed 0 inverter(s) to 0 load pin(s).
INFO: [Opt 31-49] Retargeted 0 cell(s).
Phase 1 Retarget | Checksum: 2aff8141c

Time (s): cpu = 00:00:00 ; elapsed = 00:00:00.007 . Memory (MB): peak = 1299.836 ; gain = 0.000
INFO: [Opt 31-389] Phase Retarget created 0 cells and removed 0 cells

Phase 2 Constant propagation
INFO: [Opt 31-138] Pushed 0 inverter(s) to 0 load pin(s).
Phase 2 Constant propagation | Checksum: 2aff8141c

Time (s): cpu = 00:00:00 ; elapsed = 00:00:00.009 . Memory (MB): peak = 1299.836 ; gain = 0.000
INFO: [Opt 31-389] Phase Constant propagation created 0 cells and removed 0 cells

Phase 3 Sweep
Phase 3 Sweep | Checksum: 2aff8141c

Time (s): cpu = 00:00:00 ; elapsed = 00:00:00.022 . Memory (MB): peak = 1299.836 ; gain = 0.000
INFO: [Opt 31-389] Phase Sweep created 0 cells and removed 0 cells

Phase 4 BUFG optimization
Phase 4 BUFG optimization | Checksum: 2aff8141c

Time (s): cpu = 00:00:00 ; elapsed = 00:00:00.023 . Memory (MB): peak = 1299.836 ; gain = 0.000
INFO: [Opt 31-662] Phase BUFG optimization created 0 cells of which 0 are BUFGs and removed 0 cells.

Phase 5 Shift Register Optimization
Phase 5 Shift Register Optimization | Checksum: 2aff8141c

Time (s): cpu = 00:00:00 ; elapsed = 00:00:00.043 . Memory (MB): peak = 1299.836 ; gain = 0.000
INFO: [Opt 31-389] Phase Shift Register Optimization created 0 cells and removed 0 cells

Phase 6 Post Processing Netlist
Phase 6 Post Processing Netlist | Checksum: 2aff8141c

Time (s): cpu = 00:00:00 ; elapsed = 00:00:00.045 . Memory (MB): peak = 1299.836 ; gain = 0.000
INFO: [Opt 31-389] Phase Post Processing Netlist created 0 cells and removed 0 cells
Opt_design Change Summary
=========================


-------------------------------------------------------------------------------------------------------------------------
|  Phase                        |  #Cells created  |  #Cells Removed  |  #Constrained objects preventing optimizations  |
-------------------------------------------------------------------------------------------------------------------------
|  Retarget                     |               0  |               0  |                                              0  |
|  Constant propagation         |               0  |               0  |                                              0  |
|  Sweep                        |               0  |               0  |                                              0  |
|  BUFG optimization            |               0  |               0  |                                              0  |
|  Shift Register Optimization  |               0  |               0  |                                              0  |
|  Post Processing Netlist      |               0  |               0  |                                              0  |
-------------------------------------------------------------------------------------------------------------------------



Starting Connectivity Check Task

Time (s): cpu = 00:00:00 ; elapsed = 00:00:00 . Memory (MB): peak = 1299.836 ; gain = 0.000
Ending Logic Optimization Task | Checksum: 2aff8141c

Time (s): cpu = 00:00:00 ; elapsed = 00:00:00.047 . Memory (MB): peak = 1299.836 ; gain = 0.000

Starting Power Optimization Task
INFO: [Pwropt 34-132] Skipping clock gating for clocks with a period < 2.00 ns.
Ending Power Optimization Task | Checksum: 2aff8141c

Time (s): cpu = 00:00:00 ; elapsed = 00:00:00.008 . Memory (MB): peak = 1299.836 ; gain = 0.000

Starting Final Cleanup Task
Ending Final Cleanup Task | Checksum: 2aff8141c

Time (s): cpu = 00:00:00 ; elapsed = 00:00:00 . Memory (MB): peak = 1299.836 ; gain = 0.000

Starting Netlist Obfuscation Task
Netlist sorting complete. Time (s): cpu = 00:00:00 ; elapsed = 00:00:00 . Memory (MB): peak = 1299.836 ; gain = 0.000
Ending Netlist Obfuscation Task | Checksum: 2aff8141c

Time (s): cpu = 00:00:00 ; elapsed = 00:00:00 . Memory (MB): peak = 1299.836 ; gain = 0.000
INFO: [Common 17-83] Releasing license: Implementation
21 Infos, 65 Warnings, 65 Critical Warnings and 0 Errors encountered.
opt_design completed successfully
opt_design: Time (s): cpu = 00:00:11 ; elapsed = 00:00:10 . Memory (MB): peak = 1299.836 ; gain = 649.918
Netlist sorting complete. Time (s): cpu = 00:00:00 ; elapsed = 00:00:00 . Memory (MB): peak = 1299.836 ; gain = 0.000
INFO: [Timing 38-480] Writing timing data to binary archive.
Writing placer database...
Writing XDEF routing.
Writing XDEF routing logical nets.
Writing XDEF routing special nets.
Write XDEF Complete: Time (s): cpu = 00:00:00 ; elapsed = 00:00:00.030 . Memory (MB): peak = 1299.836 ; gain = 0.000
Netlist sorting complete. Time (s): cpu = 00:00:00 ; elapsed = 00:00:00 . Memory (MB): peak = 1299.836 ; gain = 0.000
INFO: [Common 17-1381] The checkpoint 'D:/Vivado/shudianzuoye/CCQ/CCQ.runs/impl_1/fpq_opt.dcp' has been generated.
INFO: [runtcl-4] Executing : report_drc -file fpq_drc_opted.rpt -pb fpq_drc_opted.pb -rpx fpq_drc_opted.rpx
Command: report_drc -file fpq_drc_opted.rpt -pb fpq_drc_opted.pb -rpx fpq_drc_opted.rpx
INFO: [IP_Flow 19-234] Refreshing IP repositories
INFO: [IP_Flow 19-1704] No user IP repositories specified
INFO: [IP_Flow 19-2313] Loaded Vivado IP repository 'D:/Vivado/Vivado/2018.3/data/ip'.
INFO: [DRC 23-27] Running DRC with 2 threads
INFO: [Coretcl 2-168] The results of DRC are in file D:/Vivado/shudianzuoye/CCQ/CCQ.runs/impl_1/fpq_drc_opted.rpt.
report_drc completed successfully
Command: place_design
Attempting to get a license for feature 'Implementation' and/or device 'xc7a100t'
INFO: [Common 17-349] Got license for feature 'Implementation' and/or device 'xc7a100t'
INFO: [DRC 23-27] Running DRC with 2 threads
INFO: [Vivado_Tcl 4-198] DRC finished with 0 Errors
INFO: [Vivado_Tcl 4-199] Please refer to the DRC report (report_drc) for more information.
Running DRC as a precondition to command place_design
INFO: [DRC 23-27] Running DRC with 2 threads
INFO: [Vivado_Tcl 4-198] DRC finished with 0 Errors
INFO: [Vivado_Tcl 4-199] Please refer to the DRC report (report_drc) for more information.

Starting Placer Task
INFO: [Place 30-611] Multithreading enabled for place_design using a maximum of 2 CPUs

Phase 1 Placer Initialization

Phase 1.1 Placer Initialization Netlist Sorting
Netlist sorting complete. Time (s): cpu = 00:00:00 ; elapsed = 00:00:00 . Memory (MB): peak = 1299.836 ; gain = 0.000
Phase 1.1 Placer Initialization Netlist Sorting | Checksum: 1cb679e6f

Time (s): cpu = 00:00:00 ; elapsed = 00:00:00.016 . Memory (MB): peak = 1299.836 ; gain = 0.000
Netlist sorting complete. Time (s): cpu = 00:00:00 ; elapsed = 00:00:00 . Memory (MB): peak = 1299.836 ; gain = 0.000

Phase 1.2 IO Placement/ Clock Placement/ Build Placer Device
INFO: [Timing 38-35] Done setting XDC timing constraints.
Phase 1.2 IO Placement/ Clock Placement/ Build Placer Device | Checksum: 1a97185c0

Time (s): cpu = 00:00:01 ; elapsed = 00:00:00.830 . Memory (MB): peak = 1313.961 ; gain = 14.125

Phase 1.3 Build Placer Netlist Model
Phase 1.3 Build Placer Netlist Model | Checksum: 1ea884028

Time (s): cpu = 00:00:01 ; elapsed = 00:00:00.841 . Memory (MB): peak = 1313.961 ; gain = 14.125

Phase 1.4 Constrain Clocks/Macros
Phase 1.4 Constrain Clocks/Macros | Checksum: 1ea884028

Time (s): cpu = 00:00:01 ; elapsed = 00:00:00.843 . Memory (MB): peak = 1313.961 ; gain = 14.125
Phase 1 Placer Initialization | Checksum: 1ea884028

Time (s): cpu = 00:00:01 ; elapsed = 00:00:00.844 . Memory (MB): peak = 1313.961 ; gain = 14.125

Phase 2 Global Placement

Phase 2.1 Floorplanning
Phase 2.1 Floorplanning | Checksum: 1ea884028

Time (s): cpu = 00:00:01 ; elapsed = 00:00:00.847 . Memory (MB): peak = 1314.777 ; gain = 14.941
WARNING: [Place 46-29] place_design is not in timing mode. Skip physical synthesis in placer
Phase 2 Global Placement | Checksum: 25c78c1b0

Time (s): cpu = 00:00:02 ; elapsed = 00:00:01 . Memory (MB): peak = 1320.527 ; gain = 20.691

Phase 3 Detail Placement

Phase 3.1 Commit Multi Column Macros
Phase 3.1 Commit Multi Column Macros | Checksum: 25c78c1b0

Time (s): cpu = 00:00:02 ; elapsed = 00:00:01 . Memory (MB): peak = 1320.527 ; gain = 20.691

Phase 3.2 Commit Most Macros & LUTRAMs
Phase 3.2 Commit Most Macros & LUTRAMs | Checksum: 282cd89a9

Time (s): cpu = 00:00:02 ; elapsed = 00:00:01 . Memory (MB): peak = 1320.527 ; gain = 20.691

Phase 3.3 Area Swap Optimization
Phase 3.3 Area Swap Optimization | Checksum: 27ab4099f

Time (s): cpu = 00:00:02 ; elapsed = 00:00:01 . Memory (MB): peak = 1320.527 ; gain = 20.691

Phase 3.4 Pipeline Register Optimization
Phase 3.4 Pipeline Register Optimization | Checksum: 27ab4099f

Time (s): cpu = 00:00:02 ; elapsed = 00:00:01 . Memory (MB): peak = 1320.527 ; gain = 20.691

Phase 3.5 Small Shape Detail Placement
Phase 3.5 Small Shape Detail Placement | Checksum: 25c44f60b

Time (s): cpu = 00:00:02 ; elapsed = 00:00:01 . Memory (MB): peak = 1325.898 ; gain = 26.062

Phase 3.6 Re-assign LUT pins
Phase 3.6 Re-assign LUT pins | Checksum: 25c44f60b

Time (s): cpu = 00:00:02 ; elapsed = 00:00:01 . Memory (MB): peak = 1325.898 ; gain = 26.062

Phase 3.7 Pipeline Register Optimization
Phase 3.7 Pipeline Register Optimization | Checksum: 25c44f60b

Time (s): cpu = 00:00:02 ; elapsed = 00:00:01 . Memory (MB): peak = 1325.898 ; gain = 26.062
Phase 3 Detail Placement | Checksum: 25c44f60b

Time (s): cpu = 00:00:02 ; elapsed = 00:00:01 . Memory (MB): peak = 1325.898 ; gain = 26.062

Phase 4 Post Placement Optimization and Clean-Up

Phase 4.1 Post Commit Optimization
Phase 4.1 Post Commit Optimization | Checksum: 25c44f60b

Time (s): cpu = 00:00:02 ; elapsed = 00:00:01 . Memory (MB): peak = 1325.898 ; gain = 26.062

Phase 4.2 Post Placement Cleanup
Phase 4.2 Post Placement Cleanup | Checksum: 25c44f60b

Time (s): cpu = 00:00:02 ; elapsed = 00:00:01 . Memory (MB): peak = 1325.898 ; gain = 26.062

Phase 4.3 Placer Reporting
Phase 4.3 Placer Reporting | Checksum: 25c44f60b

Time (s): cpu = 00:00:02 ; elapsed = 00:00:01 . Memory (MB): peak = 1325.898 ; gain = 26.062

Phase 4.4 Final Placement Cleanup
Netlist sorting complete. Time (s): cpu = 00:00:00 ; elapsed = 00:00:00 . Memory (MB): peak = 1325.898 ; gain = 0.000
Phase 4.4 Final Placement Cleanup | Checksum: 2211c7364

Time (s): cpu = 00:00:02 ; elapsed = 00:00:01 . Memory (MB): peak = 1325.898 ; gain = 26.062
Phase 4 Post Placement Optimization and Clean-Up | Checksum: 2211c7364

Time (s): cpu = 00:00:02 ; elapsed = 00:00:01 . Memory (MB): peak = 1325.898 ; gain = 26.062
Ending Placer Task | Checksum: 12f80abf3

Time (s): cpu = 00:00:02 ; elapsed = 00:00:01 . Memory (MB): peak = 1325.898 ; gain = 26.062
INFO: [Common 17-83] Releasing license: Implementation
39 Infos, 66 Warnings, 65 Critical Warnings and 0 Errors encountered.
place_design completed successfully
Netlist sorting complete. Time (s): cpu = 00:00:00 ; elapsed = 00:00:00 . Memory (MB): peak = 1325.898 ; gain = 0.000
INFO: [Timing 38-480] Writing timing data to binary archive.
Writing placer database...
Writing XDEF routing.
Writing XDEF routing logical nets.
Writing XDEF routing special nets.
Write XDEF Complete: Time (s): cpu = 00:00:00 ; elapsed = 00:00:00.032 . Memory (MB): peak = 1325.898 ; gain = 0.000
Netlist sorting complete. Time (s): cpu = 00:00:00 ; elapsed = 00:00:00 . Memory (MB): peak = 1331.770 ; gain = 0.000
INFO: [Common 17-1381] The checkpoint 'D:/Vivado/shudianzuoye/CCQ/CCQ.runs/impl_1/fpq_placed.dcp' has been generated.
INFO: [runtcl-4] Executing : report_io -file fpq_io_placed.rpt
report_io: Time (s): cpu = 00:00:00 ; elapsed = 00:00:00.035 . Memory (MB): peak = 1331.770 ; gain = 0.000
INFO: [runtcl-4] Executing : report_utilization -file fpq_utilization_placed.rpt -pb fpq_utilization_placed.pb
INFO: [runtcl-4] Executing : report_control_sets -verbose -file fpq_control_sets_placed.rpt
report_control_sets: Time (s): cpu = 00:00:00 ; elapsed = 00:00:00.002 . Memory (MB): peak = 1331.770 ; gain = 0.000
Command: route_design
Attempting to get a license for feature 'Implementation' and/or device 'xc7a100t'
INFO: [Common 17-349] Got license for feature 'Implementation' and/or device 'xc7a100t'
Running DRC as a precondition to command route_design
INFO: [DRC 23-27] Running DRC with 2 threads
INFO: [Vivado_Tcl 4-198] DRC finished with 0 Errors
INFO: [Vivado_Tcl 4-199] Please refer to the DRC report (report_drc) for more information.


Starting Routing Task
INFO: [Route 35-254] Multithreading enabled for route_design using a maximum of 2 CPUs
Checksum: PlaceDB: a7276c0a ConstDB: 0 ShapeSum: 88593fe9 RouteDB: 0

Phase 1 Build RT Design
Phase 1 Build RT Design | Checksum: f1face3f

Time (s): cpu = 00:00:32 ; elapsed = 00:00:29 . Memory (MB): peak = 1484.301 ; gain = 152.531
Post Restoration Checksum: NetGraph: 233c92cf NumContArr: cebe3b70 Constraints: 0 Timing: 0

Phase 2 Router Initialization
INFO: [Route 35-64] No timing constraints were detected. The router will operate in resource-optimization mode.

Phase 2.1 Fix Topology Constraints
Phase 2.1 Fix Topology Constraints | Checksum: f1face3f

Time (s): cpu = 00:00:32 ; elapsed = 00:00:29 . Memory (MB): peak = 1489.703 ; gain = 157.934

Phase 2.2 Pre Route Cleanup
Phase 2.2 Pre Route Cleanup | Checksum: f1face3f

Time (s): cpu = 00:00:32 ; elapsed = 00:00:29 . Memory (MB): peak = 1489.703 ; gain = 157.934
 Number of Nodes with overlaps = 0
Phase 2 Router Initialization | Checksum: f9aa60ef

Time (s): cpu = 00:00:32 ; elapsed = 00:00:29 . Memory (MB): peak = 1497.590 ; gain = 165.820

Phase 3 Initial Routing
Phase 3 Initial Routing | Checksum: ec83fe5f

Time (s): cpu = 00:00:32 ; elapsed = 00:00:29 . Memory (MB): peak = 1499.484 ; gain = 167.715

Phase 4 Rip-up And Reroute

Phase 4.1 Global Iteration 0
 Number of Nodes with overlaps = 2
 Number of Nodes with overlaps = 0
Phase 4.1 Global Iteration 0 | Checksum: 15d198c42

Time (s): cpu = 00:00:32 ; elapsed = 00:00:29 . Memory (MB): peak = 1499.484 ; gain = 167.715
Phase 4 Rip-up And Reroute | Checksum: 15d198c42

Time (s): cpu = 00:00:32 ; elapsed = 00:00:29 . Memory (MB): peak = 1499.484 ; gain = 167.715

Phase 5 Delay and Skew Optimization
Phase 5 Delay and Skew Optimization | Checksum: 15d198c42

Time (s): cpu = 00:00:32 ; elapsed = 00:00:29 . Memory (MB): peak = 1499.484 ; gain = 167.715

Phase 6 Post Hold Fix

Phase 6.1 Hold Fix Iter
Phase 6.1 Hold Fix Iter | Checksum: 15d198c42

Time (s): cpu = 00:00:32 ; elapsed = 00:00:29 . Memory (MB): peak = 1499.484 ; gain = 167.715
Phase 6 Post Hold Fix | Checksum: 15d198c42

Time (s): cpu = 00:00:32 ; elapsed = 00:00:29 . Memory (MB): peak = 1499.484 ; gain = 167.715

Phase 7 Route finalize

Router Utilization Summary
  Global Vertical Routing Utilization    = 0.00147974 %
  Global Horizontal Routing Utilization  = 0.000781472 %
  Routable Net Status*
  *Does not include unroutable nets such as driverless and loadless.
  Run report_route_status for detailed report.
  Number of Failed Nets               = 0
  Number of Unrouted Nets             = 0
  Number of Partially Routed Nets     = 0
  Number of Node Overlaps             = 0

Congestion Report
North Dir 1x1 Area, Max Cong = 9.00901%, No Congested Regions.
South Dir 1x1 Area, Max Cong = 4.5045%, No Congested Regions.
East Dir 1x1 Area, Max Cong = 2.94118%, No Congested Regions.
West Dir 1x1 Area, Max Cong = 2.94118%, No Congested Regions.

------------------------------
Reporting congestion hotspots
------------------------------
Direction: North
----------------
Congested clusters found at Level 0
Effective congestion level: 0 Aspect Ratio: 1 Sparse Ratio: 0
Direction: South
----------------
Congested clusters found at Level 0
Effective congestion level: 0 Aspect Ratio: 1 Sparse Ratio: 0
Direction: East
----------------
Congested clusters found at Level 0
Effective congestion level: 0 Aspect Ratio: 1 Sparse Ratio: 0
Direction: West
----------------
Congested clusters found at Level 0
Effective congestion level: 0 Aspect Ratio: 1 Sparse Ratio: 0

Phase 7 Route finalize | Checksum: 15d198c42

Time (s): cpu = 00:00:32 ; elapsed = 00:00:29 . Memory (MB): peak = 1499.484 ; gain = 167.715

Phase 8 Verifying routed nets

 Verification completed successfully
Phase 8 Verifying routed nets | Checksum: 15d198c42

Time (s): cpu = 00:00:32 ; elapsed = 00:00:29 . Memory (MB): peak = 1501.551 ; gain = 169.781

Phase 9 Depositing Routes
Phase 9 Depositing Routes | Checksum: 15a24af3c

Time (s): cpu = 00:00:32 ; elapsed = 00:00:29 . Memory (MB): peak = 1501.551 ; gain = 169.781
INFO: [Route 35-16] Router Completed Successfully

Time (s): cpu = 00:00:32 ; elapsed = 00:00:29 . Memory (MB): peak = 1501.551 ; gain = 169.781

Routing Is Done.
INFO: [Common 17-83] Releasing license: Implementation
52 Infos, 66 Warnings, 65 Critical Warnings and 0 Errors encountered.
route_design completed successfully
route_design: Time (s): cpu = 00:00:33 ; elapsed = 00:00:30 . Memory (MB): peak = 1501.551 ; gain = 169.781
Netlist sorting complete. Time (s): cpu = 00:00:00 ; elapsed = 00:00:00 . Memory (MB): peak = 1501.551 ; gain = 0.000
INFO: [Timing 38-480] Writing timing data to binary archive.
Writing placer database...
Writing XDEF routing.
Writing XDEF routing logical nets.
Writing XDEF routing special nets.
Write XDEF Complete: Time (s): cpu = 00:00:00 ; elapsed = 00:00:00.032 . Memory (MB): peak = 1501.551 ; gain = 0.000
Netlist sorting complete. Time (s): cpu = 00:00:00 ; elapsed = 00:00:00 . Memory (MB): peak = 1501.551 ; gain = 0.000
INFO: [Common 17-1381] The checkpoint 'D:/Vivado/shudianzuoye/CCQ/CCQ.runs/impl_1/fpq_routed.dcp' has been generated.
INFO: [runtcl-4] Executing : report_drc -file fpq_drc_routed.rpt -pb fpq_drc_routed.pb -rpx fpq_drc_routed.rpx
Command: report_drc -file fpq_drc_routed.rpt -pb fpq_drc_routed.pb -rpx fpq_drc_routed.rpx
INFO: [IP_Flow 19-1839] IP Catalog is up to date.
INFO: [DRC 23-27] Running DRC with 2 threads
INFO: [Coretcl 2-168] The results of DRC are in file D:/Vivado/shudianzuoye/CCQ/CCQ.runs/impl_1/fpq_drc_routed.rpt.
report_drc completed successfully
INFO: [runtcl-4] Executing : report_methodology -file fpq_methodology_drc_routed.rpt -pb fpq_methodology_drc_routed.pb -rpx fpq_methodology_drc_routed.rpx
Command: report_methodology -file fpq_methodology_drc_routed.rpt -pb fpq_methodology_drc_routed.pb -rpx fpq_methodology_drc_routed.rpx
INFO: [Timing 38-35] Done setting XDC timing constraints.
INFO: [DRC 23-133] Running Methodology with 2 threads
INFO: [Coretcl 2-1520] The results of Report Methodology are in file D:/Vivado/shudianzuoye/CCQ/CCQ.runs/impl_1/fpq_methodology_drc_routed.rpt.
report_methodology completed successfully
INFO: [runtcl-4] Executing : report_power -file fpq_power_routed.rpt -pb fpq_power_summary_routed.pb -rpx fpq_power_routed.rpx
Command: report_power -file fpq_power_routed.rpt -pb fpq_power_summary_routed.pb -rpx fpq_power_routed.rpx
WARNING: [Power 33-232] No user defined clocks were found in the design!
Resolution: Please specify clocks using create_clock/create_generated_clock for sequential elements. For pure combinatorial circuits, please specify a virtual clock, otherwise the vectorless estimation might be inaccurate
INFO: [Timing 38-35] Done setting XDC timing constraints.
Running Vector-less Activity Propagation...

Finished Running Vector-less Activity Propagation
64 Infos, 67 Warnings, 65 Critical Warnings and 0 Errors encountered.
report_power completed successfully
INFO: [runtcl-4] Executing : report_route_status -file fpq_route_status.rpt -pb fpq_route_status.pb
INFO: [runtcl-4] Executing : report_timing_summary -max_paths 10 -file fpq_timing_summary_routed.rpt -pb fpq_timing_summary_routed.pb -rpx fpq_timing_summary_routed.rpx -warn_on_violation 
INFO: [Timing 38-91] UpdateTimingParams: Speed grade: -2L, Delay Type: min_max.
INFO: [Timing 38-191] Multithreading enabled for timing update using a maximum of 2 CPUs
WARNING: [Timing 38-313] There are no user specified timing constraints. Timing constraints are needed for proper timing analysis.
INFO: [runtcl-4] Executing : report_incremental_reuse -file fpq_incremental_reuse_routed.rpt
INFO: [Vivado_Tcl 4-1062] Incremental flow is disabled. No incremental reuse Info to report.
INFO: [runtcl-4] Executing : report_clock_utilization -file fpq_clock_utilization_routed.rpt
INFO: [runtcl-4] Executing : report_bus_skew -warn_on_violation -file fpq_bus_skew_routed.rpt -pb fpq_bus_skew_routed.pb -rpx fpq_bus_skew_routed.rpx
INFO: [Timing 38-91] UpdateTimingParams: Speed grade: -2L, Delay Type: min_max.
INFO: [Timing 38-191] Multithreading enabled for timing update using a maximum of 2 CPUs
INFO: [Common 17-206] Exiting Vivado at Sun May 16 19:56:31 2021...
