Copyright 1986-2018 Xilinx, Inc. All Rights Reserved.
------------------------------------------------------------------------------------
| Tool Version : Vivado v.2018.3 (win64) Build 2405991 Thu Dec  6 23:38:27 MST 2018
| Date         : Tue Jun 15 22:45:39 2021
| Host         : LAPTOP-EO0RR57C running 64-bit major release  (build 9200)
| Command      : report_control_sets -verbose -file CPU_D_control_sets_placed.rpt
| Design       : CPU_D
| Device       : xc7a100t
------------------------------------------------------------------------------------

Control Set Information

Table of Contents
-----------------
1. Summary
2. Histogram
3. Flip-Flop Distribution
4. Detailed Control Set Information

1. Summary
----------

+----------------------------------------------------------+-------+
|                          Status                          | Count |
+----------------------------------------------------------+-------+
| Number of unique control sets                            |   255 |
| Unused register locations in slices containing registers |  1026 |
+----------------------------------------------------------+-------+


2. Histogram
------------

+--------+--------------+
| Fanout | Control Sets |
+--------+--------------+
|      1 |            3 |
|      2 |            2 |
|      3 |            8 |
|      4 |          227 |
|      5 |            8 |
|      8 |            1 |
|     10 |            1 |
|    16+ |            5 |
+--------+--------------+


3. Flip-Flop Distribution
-------------------------

+--------------+-----------------------+------------------------+-----------------+--------------+
| Clock Enable | Synchronous Set/Reset | Asynchronous Set/Reset | Total Registers | Total Slices |
+--------------+-----------------------+------------------------+-----------------+--------------+
| No           | No                    | No                     |              34 |           20 |
| No           | No                    | Yes                    |             120 |           52 |
| No           | Yes                   | No                     |               0 |            0 |
| Yes          | No                    | No                     |              66 |           31 |
| Yes          | No                    | Yes                    |             994 |          684 |
| Yes          | Yes                   | No                     |               0 |            0 |
+--------------+-----------------------+------------------------+-----------------+--------------+


4. Detailed Control Set Information
-----------------------------------

+-------------------+----------------------+-----------------------------+------------------+----------------+
|    Clock Signal   |     Enable Signal    |       Set/Reset Signal      | Slice Load Count | Bel Load Count |
+-------------------+----------------------+-----------------------------+------------------+----------------+
|  bb/inst_reg[3]_0 |                      |                             |                1 |              1 |
|  bb/inst_reg[5]_0 |                      |                             |                1 |              1 |
|  clk_IBUF_BUFG    |                      | mm/rst_n                    |                1 |              1 |
|  clk_IBUF_BUFG    |                      | gg/rst_n                    |                1 |              2 |
| ~clk_IBUF_BUFG    | dd/I45               | mm/rst_n                    |                2 |              2 |
|  oo/CLK           |                      | oo/CLR                      |                1 |              3 |
| ~clk_IBUF_BUFG    | bb/inst_reg[8]_22[0] | ff/rst_n                    |                2 |              3 |
| ~clk_IBUF_BUFG    | bb/inst_reg[8]_28[0] | ff/rst_n                    |                2 |              3 |
| ~clk_IBUF_BUFG    | bb/inst_reg[8]_25[0] | ff/rst_n                    |                2 |              3 |
| ~clk_IBUF_BUFG    | bb/inst_reg[8]_26[0] | ff/rst_n                    |                2 |              3 |
| ~clk_IBUF_BUFG    | bb/inst_reg[8]_23[0] | ff/rst_n                    |                2 |              3 |
| ~clk_IBUF_BUFG    | bb/inst_reg[8]_24[0] | ff/rst_n                    |                2 |              3 |
| ~clk_IBUF_BUFG    | bb/inst_reg[8]_27[0] | ff/rst_n                    |                2 |              3 |
| ~clk_IBUF_BUFG    | bb/inst_reg[8]_26[0] | ff/REG_Files[1][3]_i_2_n_1  |                4 |              4 |
| ~clk_IBUF_BUFG    | rst_n_IBUF           | mm/rst_n                    |                3 |              4 |
| ~clk_IBUF_BUFG    | bb/E[0]              | ff/rst_n                    |                1 |              4 |
| ~clk_IBUF_BUFG    | bb/E[0]              | ff/REG_Files[1][19]_i_2_n_1 |                3 |              4 |
| ~clk_IBUF_BUFG    | bb/E[0]              | ff/REG_Files[1][27]_i_2_n_1 |                3 |              4 |
| ~clk_IBUF_BUFG    | bb/E[0]              | ff/REG_Files[1][7]_i_2_n_1  |                4 |              4 |
| ~clk_IBUF_BUFG    | bb/E[0]              | ff/REG_Files[1][11]_i_2_n_1 |                4 |              4 |
| ~clk_IBUF_BUFG    | bb/E[0]              | ff/REG_Files[1][15]_i_2_n_1 |                2 |              4 |
| ~clk_IBUF_BUFG    | bb/E[0]              | ff/REG_Files[1][23]_i_2_n_1 |                4 |              4 |
| ~clk_IBUF_BUFG    | bb/E[0]              | ff/REG_Files[1][3]_i_2_n_1  |                4 |              4 |
| ~clk_IBUF_BUFG    | bb/inst_reg[8]_16[0] | ff/rst_n                    |                2 |              4 |
| ~clk_IBUF_BUFG    | bb/inst_reg[8]_16[0] | ff/REG_Files[1][19]_i_2_n_1 |                2 |              4 |
| ~clk_IBUF_BUFG    | bb/inst_reg[8]_16[0] | ff/REG_Files[1][27]_i_2_n_1 |                2 |              4 |
| ~clk_IBUF_BUFG    | bb/inst_reg[8]_16[0] | ff/REG_Files[1][7]_i_2_n_1  |                3 |              4 |
| ~clk_IBUF_BUFG    | bb/inst_reg[8]_16[0] | ff/REG_Files[1][11]_i_2_n_1 |                4 |              4 |
| ~clk_IBUF_BUFG    | bb/inst_reg[8]_16[0] | ff/REG_Files[1][15]_i_2_n_1 |                2 |              4 |
| ~clk_IBUF_BUFG    | bb/inst_reg[8]_16[0] | ff/REG_Files[1][23]_i_2_n_1 |                4 |              4 |
| ~clk_IBUF_BUFG    | bb/inst_reg[8]_16[0] | ff/REG_Files[1][3]_i_2_n_1  |                3 |              4 |
| ~clk_IBUF_BUFG    | bb/inst_reg[8]_4[0]  | ff/rst_n                    |                1 |              4 |
| ~clk_IBUF_BUFG    | bb/inst_reg[8]_4[0]  | ff/REG_Files[1][19]_i_2_n_1 |                3 |              4 |
| ~clk_IBUF_BUFG    | bb/inst_reg[8]_4[0]  | ff/REG_Files[1][27]_i_2_n_1 |                3 |              4 |
| ~clk_IBUF_BUFG    | bb/inst_reg[8]_4[0]  | ff/REG_Files[1][7]_i_2_n_1  |                4 |              4 |
| ~clk_IBUF_BUFG    | bb/inst_reg[8]_4[0]  | ff/REG_Files[1][11]_i_2_n_1 |                3 |              4 |
| ~clk_IBUF_BUFG    | bb/inst_reg[8]_4[0]  | ff/REG_Files[1][15]_i_2_n_1 |                3 |              4 |
| ~clk_IBUF_BUFG    | bb/inst_reg[8]_4[0]  | ff/REG_Files[1][23]_i_2_n_1 |                4 |              4 |
| ~clk_IBUF_BUFG    | bb/inst_reg[8]_4[0]  | ff/REG_Files[1][3]_i_2_n_1  |                3 |              4 |
| ~clk_IBUF_BUFG    | bb/inst_reg[8]_28[0] | ff/REG_Files[1][27]_i_2_n_1 |                3 |              4 |
| ~clk_IBUF_BUFG    | bb/inst_reg[8]_28[0] | ff/REG_Files[1][7]_i_2_n_1  |                4 |              4 |
| ~clk_IBUF_BUFG    | bb/inst_reg[8]_28[0] | ff/REG_Files[1][11]_i_2_n_1 |                1 |              4 |
| ~clk_IBUF_BUFG    | bb/inst_reg[8]_28[0] | ff/REG_Files[1][15]_i_2_n_1 |                1 |              4 |
| ~clk_IBUF_BUFG    | bb/inst_reg[8]_28[0] | ff/REG_Files[1][23]_i_2_n_1 |                4 |              4 |
| ~clk_IBUF_BUFG    | bb/inst_reg[8]_28[0] | ff/REG_Files[1][3]_i_2_n_1  |                4 |              4 |
| ~clk_IBUF_BUFG    | bb/inst_reg[8]_2[0]  | ff/rst_n                    |                2 |              4 |
| ~clk_IBUF_BUFG    | bb/inst_reg[8]_2[0]  | ff/REG_Files[1][19]_i_2_n_1 |                3 |              4 |
| ~clk_IBUF_BUFG    | bb/inst_reg[8]_2[0]  | ff/REG_Files[1][27]_i_2_n_1 |                3 |              4 |
| ~clk_IBUF_BUFG    | bb/inst_reg[8]_2[0]  | ff/REG_Files[1][7]_i_2_n_1  |                3 |              4 |
| ~clk_IBUF_BUFG    | bb/inst_reg[8]_2[0]  | ff/REG_Files[1][11]_i_2_n_1 |                3 |              4 |
| ~clk_IBUF_BUFG    | bb/inst_reg[8]_2[0]  | ff/REG_Files[1][15]_i_2_n_1 |                3 |              4 |
| ~clk_IBUF_BUFG    | bb/inst_reg[8]_2[0]  | ff/REG_Files[1][23]_i_2_n_1 |                4 |              4 |
| ~clk_IBUF_BUFG    | bb/inst_reg[8]_2[0]  | ff/REG_Files[1][3]_i_2_n_1  |                3 |              4 |
| ~clk_IBUF_BUFG    | bb/inst_reg[8]_8[0]  | ff/rst_n                    |                2 |              4 |
| ~clk_IBUF_BUFG    | bb/inst_reg[8]_8[0]  | ff/REG_Files[1][19]_i_2_n_1 |                3 |              4 |
| ~clk_IBUF_BUFG    | bb/inst_reg[8]_8[0]  | ff/REG_Files[1][27]_i_2_n_1 |                3 |              4 |
| ~clk_IBUF_BUFG    | bb/inst_reg[8]_8[0]  | ff/REG_Files[1][7]_i_2_n_1  |                2 |              4 |
| ~clk_IBUF_BUFG    | bb/inst_reg[8]_8[0]  | ff/REG_Files[1][11]_i_2_n_1 |                3 |              4 |
| ~clk_IBUF_BUFG    | bb/inst_reg[8]_8[0]  | ff/REG_Files[1][15]_i_2_n_1 |                1 |              4 |
| ~clk_IBUF_BUFG    | bb/inst_reg[8]_8[0]  | ff/REG_Files[1][23]_i_2_n_1 |                4 |              4 |
| ~clk_IBUF_BUFG    | bb/inst_reg[8]_8[0]  | ff/REG_Files[1][3]_i_2_n_1  |                4 |              4 |
| ~clk_IBUF_BUFG    | bb/inst_reg[8]_11[0] | ff/rst_n                    |                1 |              4 |
| ~clk_IBUF_BUFG    | bb/inst_reg[8]_11[0] | ff/REG_Files[1][19]_i_2_n_1 |                3 |              4 |
| ~clk_IBUF_BUFG    | bb/inst_reg[8]_11[0] | ff/REG_Files[1][27]_i_2_n_1 |                2 |              4 |
| ~clk_IBUF_BUFG    | bb/inst_reg[8]_11[0] | ff/REG_Files[1][7]_i_2_n_1  |                3 |              4 |
| ~clk_IBUF_BUFG    | bb/inst_reg[8]_11[0] | ff/REG_Files[1][11]_i_2_n_1 |                2 |              4 |
| ~clk_IBUF_BUFG    | bb/inst_reg[8]_11[0] | ff/REG_Files[1][15]_i_2_n_1 |                1 |              4 |
| ~clk_IBUF_BUFG    | bb/inst_reg[8]_11[0] | ff/REG_Files[1][23]_i_2_n_1 |                4 |              4 |
| ~clk_IBUF_BUFG    | bb/inst_reg[8]_11[0] | ff/REG_Files[1][3]_i_2_n_1  |                4 |              4 |
| ~clk_IBUF_BUFG    | bb/inst_reg[8]_9[0]  | ff/rst_n                    |                3 |              4 |
| ~clk_IBUF_BUFG    | bb/inst_reg[8]_9[0]  | ff/REG_Files[1][19]_i_2_n_1 |                3 |              4 |
| ~clk_IBUF_BUFG    | bb/inst_reg[8]_9[0]  | ff/REG_Files[1][27]_i_2_n_1 |                3 |              4 |
| ~clk_IBUF_BUFG    | bb/inst_reg[8]_9[0]  | ff/REG_Files[1][7]_i_2_n_1  |                3 |              4 |
| ~clk_IBUF_BUFG    | bb/inst_reg[8]_9[0]  | ff/REG_Files[1][11]_i_2_n_1 |                2 |              4 |
| ~clk_IBUF_BUFG    | bb/inst_reg[8]_9[0]  | ff/REG_Files[1][15]_i_2_n_1 |                1 |              4 |
| ~clk_IBUF_BUFG    | bb/inst_reg[8]_9[0]  | ff/REG_Files[1][23]_i_2_n_1 |                4 |              4 |
| ~clk_IBUF_BUFG    | bb/inst_reg[8]_9[0]  | ff/REG_Files[1][3]_i_2_n_1  |                4 |              4 |
| ~clk_IBUF_BUFG    | bb/inst_reg[8]_21[0] | ff/rst_n                    |                1 |              4 |
| ~clk_IBUF_BUFG    | bb/inst_reg[8]_21[0] | ff/REG_Files[1][19]_i_2_n_1 |                2 |              4 |
| ~clk_IBUF_BUFG    | bb/inst_reg[8]_21[0] | ff/REG_Files[1][27]_i_2_n_1 |                2 |              4 |
| ~clk_IBUF_BUFG    | bb/inst_reg[8]_21[0] | ff/REG_Files[1][7]_i_2_n_1  |                3 |              4 |
| ~clk_IBUF_BUFG    | bb/inst_reg[8]_21[0] | ff/REG_Files[1][11]_i_2_n_1 |                2 |              4 |
| ~clk_IBUF_BUFG    | bb/inst_reg[8]_21[0] | ff/REG_Files[1][15]_i_2_n_1 |                3 |              4 |
| ~clk_IBUF_BUFG    | bb/inst_reg[8]_21[0] | ff/REG_Files[1][23]_i_2_n_1 |                4 |              4 |
| ~clk_IBUF_BUFG    | bb/inst_reg[8]_21[0] | ff/REG_Files[1][3]_i_2_n_1  |                3 |              4 |
| ~clk_IBUF_BUFG    | bb/inst_reg[8]_7[0]  | ff/rst_n                    |                2 |              4 |
| ~clk_IBUF_BUFG    | bb/inst_reg[8]_7[0]  | ff/REG_Files[1][19]_i_2_n_1 |                3 |              4 |
| ~clk_IBUF_BUFG    | bb/inst_reg[8]_7[0]  | ff/REG_Files[1][27]_i_2_n_1 |                3 |              4 |
| ~clk_IBUF_BUFG    | bb/inst_reg[8]_7[0]  | ff/REG_Files[1][7]_i_2_n_1  |                4 |              4 |
| ~clk_IBUF_BUFG    | bb/inst_reg[8]_7[0]  | ff/REG_Files[1][11]_i_2_n_1 |                3 |              4 |
| ~clk_IBUF_BUFG    | bb/inst_reg[8]_7[0]  | ff/REG_Files[1][15]_i_2_n_1 |                2 |              4 |
| ~clk_IBUF_BUFG    | bb/inst_reg[8]_7[0]  | ff/REG_Files[1][23]_i_2_n_1 |                4 |              4 |
| ~clk_IBUF_BUFG    | bb/inst_reg[8]_7[0]  | ff/REG_Files[1][3]_i_2_n_1  |                4 |              4 |
| ~clk_IBUF_BUFG    | bb/inst_reg[8]_27[0] | ff/REG_Files[1][19]_i_2_n_1 |                2 |              4 |
| ~clk_IBUF_BUFG    | bb/inst_reg[8]_27[0] | ff/REG_Files[1][27]_i_2_n_1 |                3 |              4 |
| ~clk_IBUF_BUFG    | bb/inst_reg[8]_27[0] | ff/REG_Files[1][7]_i_2_n_1  |                4 |              4 |
| ~clk_IBUF_BUFG    | bb/inst_reg[8]_27[0] | ff/REG_Files[1][11]_i_2_n_1 |                1 |              4 |
| ~clk_IBUF_BUFG    | bb/inst_reg[8]_27[0] | ff/REG_Files[1][23]_i_2_n_1 |                4 |              4 |
| ~clk_IBUF_BUFG    | bb/inst_reg[8]_27[0] | ff/REG_Files[1][3]_i_2_n_1  |                4 |              4 |
| ~clk_IBUF_BUFG    | bb/inst_reg[8]_10[0] | ff/rst_n                    |                2 |              4 |
| ~clk_IBUF_BUFG    | bb/inst_reg[8]_10[0] | ff/REG_Files[1][19]_i_2_n_1 |                3 |              4 |
| ~clk_IBUF_BUFG    | bb/inst_reg[8]_10[0] | ff/REG_Files[1][27]_i_2_n_1 |                3 |              4 |
| ~clk_IBUF_BUFG    | bb/inst_reg[8]_10[0] | ff/REG_Files[1][7]_i_2_n_1  |                3 |              4 |
| ~clk_IBUF_BUFG    | bb/inst_reg[8]_10[0] | ff/REG_Files[1][11]_i_2_n_1 |                1 |              4 |
| ~clk_IBUF_BUFG    | bb/inst_reg[8]_10[0] | ff/REG_Files[1][15]_i_2_n_1 |                1 |              4 |
| ~clk_IBUF_BUFG    | bb/inst_reg[8]_10[0] | ff/REG_Files[1][23]_i_2_n_1 |                4 |              4 |
| ~clk_IBUF_BUFG    | bb/inst_reg[8]_10[0] | ff/REG_Files[1][3]_i_2_n_1  |                3 |              4 |
| ~clk_IBUF_BUFG    | bb/inst_reg[8]_24[0] | ff/REG_Files[1][19]_i_2_n_1 |                2 |              4 |
| ~clk_IBUF_BUFG    | bb/inst_reg[8]_24[0] | ff/REG_Files[1][27]_i_2_n_1 |                3 |              4 |
| ~clk_IBUF_BUFG    | bb/inst_reg[8]_24[0] | ff/REG_Files[1][11]_i_2_n_1 |                1 |              4 |
| ~clk_IBUF_BUFG    | bb/inst_reg[8]_24[0] | ff/REG_Files[1][15]_i_2_n_1 |                1 |              4 |
| ~clk_IBUF_BUFG    | bb/inst_reg[8]_24[0] | ff/REG_Files[1][23]_i_2_n_1 |                4 |              4 |
| ~clk_IBUF_BUFG    | bb/inst_reg[8]_24[0] | ff/REG_Files[1][3]_i_2_n_1  |                4 |              4 |
| ~clk_IBUF_BUFG    | bb/inst_reg[8]_3[0]  | ff/rst_n                    |                1 |              4 |
| ~clk_IBUF_BUFG    | bb/inst_reg[8]_3[0]  | ff/REG_Files[1][19]_i_2_n_1 |                3 |              4 |
| ~clk_IBUF_BUFG    | bb/inst_reg[8]_3[0]  | ff/REG_Files[1][27]_i_2_n_1 |                3 |              4 |
| ~clk_IBUF_BUFG    | bb/inst_reg[8]_3[0]  | ff/REG_Files[1][7]_i_2_n_1  |                3 |              4 |
| ~clk_IBUF_BUFG    | bb/inst_reg[8]_3[0]  | ff/REG_Files[1][11]_i_2_n_1 |                2 |              4 |
| ~clk_IBUF_BUFG    | bb/inst_reg[8]_3[0]  | ff/REG_Files[1][15]_i_2_n_1 |                2 |              4 |
| ~clk_IBUF_BUFG    | bb/inst_reg[8]_3[0]  | ff/REG_Files[1][23]_i_2_n_1 |                4 |              4 |
| ~clk_IBUF_BUFG    | bb/inst_reg[8]_3[0]  | ff/REG_Files[1][3]_i_2_n_1  |                4 |              4 |
| ~clk_IBUF_BUFG    | bb/inst_reg[8]_6[0]  | ff/rst_n                    |                1 |              4 |
| ~clk_IBUF_BUFG    | bb/inst_reg[8]_6[0]  | ff/REG_Files[1][19]_i_2_n_1 |                3 |              4 |
| ~clk_IBUF_BUFG    | bb/inst_reg[8]_6[0]  | ff/REG_Files[1][27]_i_2_n_1 |                3 |              4 |
| ~clk_IBUF_BUFG    | bb/inst_reg[8]_6[0]  | ff/REG_Files[1][7]_i_2_n_1  |                3 |              4 |
| ~clk_IBUF_BUFG    | bb/inst_reg[8]_6[0]  | ff/REG_Files[1][11]_i_2_n_1 |                3 |              4 |
| ~clk_IBUF_BUFG    | bb/inst_reg[8]_6[0]  | ff/REG_Files[1][15]_i_2_n_1 |                1 |              4 |
| ~clk_IBUF_BUFG    | bb/inst_reg[8]_6[0]  | ff/REG_Files[1][23]_i_2_n_1 |                4 |              4 |
| ~clk_IBUF_BUFG    | bb/inst_reg[8]_6[0]  | ff/REG_Files[1][3]_i_2_n_1  |                3 |              4 |
| ~clk_IBUF_BUFG    | bb/inst_reg[8]_22[0] | ff/REG_Files[1][19]_i_2_n_1 |                2 |              4 |
| ~clk_IBUF_BUFG    | bb/inst_reg[8]_22[0] | ff/REG_Files[1][27]_i_2_n_1 |                3 |              4 |
| ~clk_IBUF_BUFG    | bb/inst_reg[8]_22[0] | ff/REG_Files[1][7]_i_2_n_1  |                3 |              4 |
| ~clk_IBUF_BUFG    | bb/inst_reg[8]_22[0] | ff/REG_Files[1][15]_i_2_n_1 |                2 |              4 |
| ~clk_IBUF_BUFG    | bb/inst_reg[8]_22[0] | ff/REG_Files[1][23]_i_2_n_1 |                4 |              4 |
| ~clk_IBUF_BUFG    | bb/inst_reg[8]_22[0] | ff/REG_Files[1][3]_i_2_n_1  |                4 |              4 |
| ~clk_IBUF_BUFG    | bb/inst_reg[8]_15[0] | ff/rst_n                    |                1 |              4 |
| ~clk_IBUF_BUFG    | bb/inst_reg[8]_15[0] | ff/REG_Files[1][19]_i_2_n_1 |                4 |              4 |
| ~clk_IBUF_BUFG    | bb/inst_reg[8]_15[0] | ff/REG_Files[1][27]_i_2_n_1 |                2 |              4 |
| ~clk_IBUF_BUFG    | bb/inst_reg[8]_15[0] | ff/REG_Files[1][7]_i_2_n_1  |                2 |              4 |
| ~clk_IBUF_BUFG    | bb/inst_reg[8]_15[0] | ff/REG_Files[1][11]_i_2_n_1 |                4 |              4 |
| ~clk_IBUF_BUFG    | bb/inst_reg[8]_15[0] | ff/REG_Files[1][15]_i_2_n_1 |                4 |              4 |
| ~clk_IBUF_BUFG    | bb/inst_reg[8]_15[0] | ff/REG_Files[1][23]_i_2_n_1 |                3 |              4 |
| ~clk_IBUF_BUFG    | bb/inst_reg[8]_15[0] | ff/REG_Files[1][3]_i_2_n_1  |                3 |              4 |
| ~clk_IBUF_BUFG    | bb/inst_reg[8]_13[0] | ff/rst_n                    |                3 |              4 |
| ~clk_IBUF_BUFG    | bb/inst_reg[8]_13[0] | ff/REG_Files[1][19]_i_2_n_1 |                3 |              4 |
| ~clk_IBUF_BUFG    | bb/inst_reg[8]_13[0] | ff/REG_Files[1][27]_i_2_n_1 |                3 |              4 |
| ~clk_IBUF_BUFG    | bb/inst_reg[8]_13[0] | ff/REG_Files[1][7]_i_2_n_1  |                2 |              4 |
| ~clk_IBUF_BUFG    | bb/inst_reg[8]_13[0] | ff/REG_Files[1][11]_i_2_n_1 |                2 |              4 |
| ~clk_IBUF_BUFG    | bb/inst_reg[8]_13[0] | ff/REG_Files[1][15]_i_2_n_1 |                3 |              4 |
| ~clk_IBUF_BUFG    | bb/inst_reg[8]_13[0] | ff/REG_Files[1][23]_i_2_n_1 |                4 |              4 |
| ~clk_IBUF_BUFG    | bb/inst_reg[8]_13[0] | ff/REG_Files[1][3]_i_2_n_1  |                4 |              4 |
| ~clk_IBUF_BUFG    | bb/inst_reg[8]_5[0]  | ff/rst_n                    |                1 |              4 |
| ~clk_IBUF_BUFG    | bb/inst_reg[8]_5[0]  | ff/REG_Files[1][19]_i_2_n_1 |                3 |              4 |
| ~clk_IBUF_BUFG    | bb/inst_reg[8]_5[0]  | ff/REG_Files[1][27]_i_2_n_1 |                3 |              4 |
| ~clk_IBUF_BUFG    | bb/inst_reg[8]_5[0]  | ff/REG_Files[1][7]_i_2_n_1  |                4 |              4 |
| ~clk_IBUF_BUFG    | bb/inst_reg[8]_5[0]  | ff/REG_Files[1][11]_i_2_n_1 |                2 |              4 |
| ~clk_IBUF_BUFG    | bb/inst_reg[8]_5[0]  | ff/REG_Files[1][15]_i_2_n_1 |                3 |              4 |
| ~clk_IBUF_BUFG    | bb/inst_reg[8]_5[0]  | ff/REG_Files[1][23]_i_2_n_1 |                4 |              4 |
| ~clk_IBUF_BUFG    | bb/inst_reg[8]_5[0]  | ff/REG_Files[1][3]_i_2_n_1  |                3 |              4 |
| ~clk_IBUF_BUFG    | bb/inst_reg[8]_0[0]  | ff/rst_n                    |                1 |              4 |
| ~clk_IBUF_BUFG    | bb/inst_reg[8]_0[0]  | ff/REG_Files[1][19]_i_2_n_1 |                4 |              4 |
| ~clk_IBUF_BUFG    | bb/inst_reg[8]_0[0]  | ff/REG_Files[1][27]_i_2_n_1 |                3 |              4 |
| ~clk_IBUF_BUFG    | bb/inst_reg[8]_0[0]  | ff/REG_Files[1][7]_i_2_n_1  |                4 |              4 |
| ~clk_IBUF_BUFG    | bb/inst_reg[8]_0[0]  | ff/REG_Files[1][11]_i_2_n_1 |                3 |              4 |
| ~clk_IBUF_BUFG    | bb/inst_reg[8]_0[0]  | ff/REG_Files[1][15]_i_2_n_1 |                3 |              4 |
| ~clk_IBUF_BUFG    | bb/inst_reg[8]_0[0]  | ff/REG_Files[1][23]_i_2_n_1 |                4 |              4 |
| ~clk_IBUF_BUFG    | bb/inst_reg[8]_0[0]  | ff/REG_Files[1][3]_i_2_n_1  |                3 |              4 |
| ~clk_IBUF_BUFG    | bb/inst_reg[8]_14[0] | ff/rst_n                    |                1 |              4 |
| ~clk_IBUF_BUFG    | bb/inst_reg[8]_14[0] | ff/REG_Files[1][19]_i_2_n_1 |                2 |              4 |
| ~clk_IBUF_BUFG    | bb/inst_reg[8]_14[0] | ff/REG_Files[1][27]_i_2_n_1 |                2 |              4 |
| ~clk_IBUF_BUFG    | bb/inst_reg[8]_14[0] | ff/REG_Files[1][7]_i_2_n_1  |                3 |              4 |
| ~clk_IBUF_BUFG    | bb/inst_reg[8]_14[0] | ff/REG_Files[1][11]_i_2_n_1 |                3 |              4 |
| ~clk_IBUF_BUFG    | bb/inst_reg[8]_14[0] | ff/REG_Files[1][15]_i_2_n_1 |                3 |              4 |
| ~clk_IBUF_BUFG    | bb/inst_reg[8]_14[0] | ff/REG_Files[1][23]_i_2_n_1 |                3 |              4 |
| ~clk_IBUF_BUFG    | bb/inst_reg[8]_14[0] | ff/REG_Files[1][3]_i_2_n_1  |                3 |              4 |
| ~clk_IBUF_BUFG    | bb/inst_reg[8]_19[0] | ff/rst_n                    |                1 |              4 |
| ~clk_IBUF_BUFG    | bb/inst_reg[8]_19[0] | ff/REG_Files[1][19]_i_2_n_1 |                3 |              4 |
| ~clk_IBUF_BUFG    | bb/inst_reg[8]_19[0] | ff/REG_Files[1][27]_i_2_n_1 |                3 |              4 |
| ~clk_IBUF_BUFG    | bb/inst_reg[8]_19[0] | ff/REG_Files[1][7]_i_2_n_1  |                3 |              4 |
| ~clk_IBUF_BUFG    | bb/inst_reg[8]_19[0] | ff/REG_Files[1][11]_i_2_n_1 |                3 |              4 |
| ~clk_IBUF_BUFG    | bb/inst_reg[8]_19[0] | ff/REG_Files[1][15]_i_2_n_1 |                2 |              4 |
| ~clk_IBUF_BUFG    | bb/inst_reg[8]_19[0] | ff/REG_Files[1][23]_i_2_n_1 |                4 |              4 |
| ~clk_IBUF_BUFG    | bb/inst_reg[8]_19[0] | ff/REG_Files[1][3]_i_2_n_1  |                3 |              4 |
| ~clk_IBUF_BUFG    | bb/inst_reg[8]_20[0] | ff/rst_n                    |                1 |              4 |
| ~clk_IBUF_BUFG    | bb/inst_reg[8]_20[0] | ff/REG_Files[1][19]_i_2_n_1 |                4 |              4 |
| ~clk_IBUF_BUFG    | bb/inst_reg[8]_20[0] | ff/REG_Files[1][27]_i_2_n_1 |                2 |              4 |
| ~clk_IBUF_BUFG    | bb/inst_reg[8]_20[0] | ff/REG_Files[1][7]_i_2_n_1  |                2 |              4 |
| ~clk_IBUF_BUFG    | bb/inst_reg[8]_20[0] | ff/REG_Files[1][11]_i_2_n_1 |                4 |              4 |
| ~clk_IBUF_BUFG    | bb/inst_reg[8]_20[0] | ff/REG_Files[1][15]_i_2_n_1 |                2 |              4 |
| ~clk_IBUF_BUFG    | bb/inst_reg[8]_20[0] | ff/REG_Files[1][23]_i_2_n_1 |                4 |              4 |
| ~clk_IBUF_BUFG    | bb/inst_reg[8]_20[0] | ff/REG_Files[1][3]_i_2_n_1  |                3 |              4 |
| ~clk_IBUF_BUFG    | bb/inst_reg[8]_1[0]  | ff/rst_n                    |                1 |              4 |
| ~clk_IBUF_BUFG    | bb/inst_reg[8]_1[0]  | ff/REG_Files[1][19]_i_2_n_1 |                3 |              4 |
| ~clk_IBUF_BUFG    | bb/inst_reg[8]_1[0]  | ff/REG_Files[1][27]_i_2_n_1 |                3 |              4 |
| ~clk_IBUF_BUFG    | bb/inst_reg[8]_1[0]  | ff/REG_Files[1][7]_i_2_n_1  |                4 |              4 |
| ~clk_IBUF_BUFG    | bb/inst_reg[8]_1[0]  | ff/REG_Files[1][11]_i_2_n_1 |                2 |              4 |
| ~clk_IBUF_BUFG    | bb/inst_reg[8]_1[0]  | ff/REG_Files[1][15]_i_2_n_1 |                3 |              4 |
| ~clk_IBUF_BUFG    | bb/inst_reg[8]_1[0]  | ff/REG_Files[1][23]_i_2_n_1 |                4 |              4 |
| ~clk_IBUF_BUFG    | bb/inst_reg[8]_1[0]  | ff/REG_Files[1][3]_i_2_n_1  |                4 |              4 |
| ~clk_IBUF_BUFG    | bb/inst_reg[8]_17[0] | ff/rst_n                    |                1 |              4 |
| ~clk_IBUF_BUFG    | bb/inst_reg[8]_17[0] | ff/REG_Files[1][19]_i_2_n_1 |                4 |              4 |
| ~clk_IBUF_BUFG    | bb/inst_reg[8]_17[0] | ff/REG_Files[1][27]_i_2_n_1 |                2 |              4 |
| ~clk_IBUF_BUFG    | bb/inst_reg[8]_17[0] | ff/REG_Files[1][7]_i_2_n_1  |                3 |              4 |
| ~clk_IBUF_BUFG    | bb/inst_reg[8]_17[0] | ff/REG_Files[1][11]_i_2_n_1 |                3 |              4 |
| ~clk_IBUF_BUFG    | bb/inst_reg[8]_17[0] | ff/REG_Files[1][15]_i_2_n_1 |                3 |              4 |
| ~clk_IBUF_BUFG    | bb/inst_reg[8]_17[0] | ff/REG_Files[1][23]_i_2_n_1 |                3 |              4 |
| ~clk_IBUF_BUFG    | bb/inst_reg[8]_17[0] | ff/REG_Files[1][3]_i_2_n_1  |                3 |              4 |
| ~clk_IBUF_BUFG    | bb/inst_reg[8]_23[0] | ff/REG_Files[1][19]_i_2_n_1 |                2 |              4 |
| ~clk_IBUF_BUFG    | bb/inst_reg[8]_23[0] | ff/REG_Files[1][27]_i_2_n_1 |                3 |              4 |
| ~clk_IBUF_BUFG    | bb/inst_reg[8]_23[0] | ff/REG_Files[1][7]_i_2_n_1  |                3 |              4 |
| ~clk_IBUF_BUFG    | bb/inst_reg[8]_23[0] | ff/REG_Files[1][11]_i_2_n_1 |                2 |              4 |
| ~clk_IBUF_BUFG    | bb/inst_reg[8]_23[0] | ff/REG_Files[1][15]_i_2_n_1 |                3 |              4 |
| ~clk_IBUF_BUFG    | bb/inst_reg[8]_23[0] | ff/REG_Files[1][23]_i_2_n_1 |                4 |              4 |
| ~clk_IBUF_BUFG    | bb/inst_reg[8]_12[0] | ff/rst_n                    |                3 |              4 |
| ~clk_IBUF_BUFG    | bb/inst_reg[8]_12[0] | ff/REG_Files[1][19]_i_2_n_1 |                3 |              4 |
| ~clk_IBUF_BUFG    | bb/inst_reg[8]_12[0] | ff/REG_Files[1][27]_i_2_n_1 |                3 |              4 |
| ~clk_IBUF_BUFG    | bb/inst_reg[8]_12[0] | ff/REG_Files[1][7]_i_2_n_1  |                2 |              4 |
| ~clk_IBUF_BUFG    | bb/inst_reg[8]_12[0] | ff/REG_Files[1][11]_i_2_n_1 |                2 |              4 |
| ~clk_IBUF_BUFG    | bb/inst_reg[8]_12[0] | ff/REG_Files[1][15]_i_2_n_1 |                1 |              4 |
| ~clk_IBUF_BUFG    | bb/inst_reg[8]_12[0] | ff/REG_Files[1][23]_i_2_n_1 |                4 |              4 |
| ~clk_IBUF_BUFG    | bb/inst_reg[8]_12[0] | ff/REG_Files[1][3]_i_2_n_1  |                3 |              4 |
| ~clk_IBUF_BUFG    | bb/inst_reg[8]_18[0] | ff/rst_n                    |                2 |              4 |
| ~clk_IBUF_BUFG    | bb/inst_reg[8]_18[0] | ff/REG_Files[1][19]_i_2_n_1 |                3 |              4 |
| ~clk_IBUF_BUFG    | bb/inst_reg[8]_18[0] | ff/REG_Files[1][27]_i_2_n_1 |                3 |              4 |
| ~clk_IBUF_BUFG    | bb/inst_reg[8]_18[0] | ff/REG_Files[1][7]_i_2_n_1  |                2 |              4 |
| ~clk_IBUF_BUFG    | bb/inst_reg[8]_18[0] | ff/REG_Files[1][11]_i_2_n_1 |                3 |              4 |
| ~clk_IBUF_BUFG    | bb/inst_reg[8]_18[0] | ff/REG_Files[1][15]_i_2_n_1 |                3 |              4 |
| ~clk_IBUF_BUFG    | bb/inst_reg[8]_18[0] | ff/REG_Files[1][23]_i_2_n_1 |                4 |              4 |
| ~clk_IBUF_BUFG    | bb/inst_reg[8]_18[0] | ff/REG_Files[1][3]_i_2_n_1  |                3 |              4 |
| ~clk_IBUF_BUFG    | bb/inst_reg[8]_25[0] | ff/REG_Files[1][19]_i_2_n_1 |                3 |              4 |
| ~clk_IBUF_BUFG    | bb/inst_reg[8]_25[0] | ff/REG_Files[1][7]_i_2_n_1  |                2 |              4 |
| ~clk_IBUF_BUFG    | bb/inst_reg[8]_25[0] | ff/REG_Files[1][11]_i_2_n_1 |                1 |              4 |
| ~clk_IBUF_BUFG    | bb/inst_reg[8]_25[0] | ff/REG_Files[1][15]_i_2_n_1 |                3 |              4 |
| ~clk_IBUF_BUFG    | bb/inst_reg[8]_25[0] | ff/REG_Files[1][23]_i_2_n_1 |                4 |              4 |
| ~clk_IBUF_BUFG    | bb/inst_reg[8]_25[0] | ff/REG_Files[1][3]_i_2_n_1  |                4 |              4 |
| ~clk_IBUF_BUFG    | bb/inst_reg[8]_26[0] | ff/REG_Files[1][19]_i_2_n_1 |                3 |              4 |
| ~clk_IBUF_BUFG    | bb/inst_reg[8]_26[0] | ff/REG_Files[1][27]_i_2_n_1 |                3 |              4 |
| ~clk_IBUF_BUFG    | bb/inst_reg[8]_26[0] | ff/REG_Files[1][7]_i_2_n_1  |                2 |              4 |
| ~clk_IBUF_BUFG    | bb/inst_reg[8]_26[0] | ff/REG_Files[1][11]_i_2_n_1 |                2 |              4 |
| ~clk_IBUF_BUFG    | bb/inst_reg[8]_26[0] | ff/REG_Files[1][15]_i_2_n_1 |                1 |              4 |
| ~clk_IBUF_BUFG    |                      | mm/rst_n                    |                4 |              5 |
| ~clk_IBUF_BUFG    | bb/inst_reg[8]_25[0] | ff/REG_Files[1][27]_i_2_n_1 |                3 |              5 |
| ~clk_IBUF_BUFG    | bb/inst_reg[8]_24[0] | ff/REG_Files[1][7]_i_2_n_1  |                3 |              5 |
| ~clk_IBUF_BUFG    | bb/inst_reg[8]_27[0] | ff/REG_Files[1][15]_i_2_n_1 |                4 |              5 |
| ~clk_IBUF_BUFG    | bb/inst_reg[8]_23[0] | ff/REG_Files[1][3]_i_2_n_1  |                4 |              5 |
| ~clk_IBUF_BUFG    | bb/inst_reg[8]_28[0] | ff/REG_Files[1][19]_i_2_n_1 |                3 |              5 |
| ~clk_IBUF_BUFG    | bb/inst_reg[8]_26[0] | ff/REG_Files[1][23]_i_2_n_1 |                4 |              5 |
| ~clk_IBUF_BUFG    | bb/inst_reg[8]_22[0] | ff/REG_Files[1][11]_i_2_n_1 |                2 |              5 |
|  clk_IBUF_BUFG    |                      | ff/rst_n                    |                3 |              8 |
|  clk_1M_IBUF_BUFG |                      | oo/CLR                      |                3 |             10 |
| ~clk_IBUF_BUFG    | dd/I45               | gg/rst_n                    |                8 |             28 |
| ~clk_IBUF_BUFG    | bb/Reg_Write_reg[0]  |                             |               22 |             32 |
|  n_0_1440_BUFG    |                      |                             |               18 |             32 |
| ~clk_IBUF_BUFG    | dd/I45               |                             |                9 |             34 |
| ~clk_IBUF_BUFG    |                      | gg/rst_n                    |               39 |             91 |
+-------------------+----------------------+-----------------------------+------------------+----------------+


