#-----------------------------------------------------------
# Vivado v2020.1 (64-bit)
# SW Build 2902540 on Wed May 27 19:54:49 MDT 2020
# IP Build 2902112 on Wed May 27 22:43:36 MDT 2020
# Start of session at: Mon Oct 26 10:52:36 2020
# Process ID: 17236
# Current directory: D:/shudianjiegou/shudianzuoye/project_2
# Command line: vivado.exe -gui_launcher_event rodinguilauncherevent23108 D:\shudianjiegou\shudianzuoye\project_2\project_2.xpr
# Log file: D:/shudianjiegou/shudianzuoye/project_2/vivado.log
# Journal file: D:/shudianjiegou/shudianzuoye/project_2\vivado.jou
#-----------------------------------------------------------
start_gui
open_project D:/shudianjiegou/shudianzuoye/project_2/project_2.xpr
Scanning sources...
Finished scanning sources
INFO: [IP_Flow 19-234] Refreshing IP repositories
INFO: [IP_Flow 19-1704] No user IP repositories specified
INFO: [IP_Flow 19-2313] Loaded Vivado IP repository 'D:/shudianjiegou/Vivado/2020.1/data/ip'.
open_project: Time (s): cpu = 00:00:22 ; elapsed = 00:00:12 . Memory (MB): peak = 1068.184 ; gain = 0.000
update_compile_order -fileset sources_1
exit
INFO: [Common 17-206] Exiting Vivado at Mon Oct 26 10:53:40 2020...
